
*** Running vivado
    with args -log system_biquadFilter_0_0.vds -m64 -product Vivado -mode batch -messageDb vivado.pb -notrace -source system_biquadFilter_0_0.tcl



****** Vivado v2020.1 (64-bit)
  **** SW Build 2902540 on Wed May 27 19:54:49 MDT 2020
  **** IP Build 2902112 on Wed May 27 22:43:36 MDT 2020
    ** Copyright 1986-2020 Xilinx, Inc. All Rights Reserved.

source system_biquadFilter_0_0.tcl -notrace
INFO: [IP_Flow 19-234] Refreshing IP repositories
INFO: [IP_Flow 19-1700] Loaded user IP repository 'c:/Users/tandeitnik/Documents/GitHub/vivadoProjects/tmp/cores'.
INFO: [IP_Flow 19-2313] Loaded Vivado IP repository 'C:/Xilinx/Vivado/2020.1/data/ip'.
WARNING: [IP_Flow 19-4995] The host OS only allows 260 characters in a normal path. The IP cache path is more than 80 characters. If you experience issues with IP caching, please consider changing the IP cache to a location with a shorter path. Alternately consider using the OS subst command to map part of the path to a drive letter. 
Current IP cache path is c:/Users/tandeitnik/Documents/GitHub/vivadoProjects/projects/biquadFilter/biquadFilter.cache/ip 
Command: synth_design -top system_biquadFilter_0_0 -part xc7z010clg400-1 -mode out_of_context
Starting synth_design
WARNING: [IP_Flow 19-3571] IP 'system_biquadFilter_0_0' is restricted:
* Module reference is stale and needs refreshing.
Attempting to get a license for feature 'Synthesis' and/or device 'xc7z010'
INFO: [Common 17-349] Got license for feature 'Synthesis' and/or device 'xc7z010'
INFO: [Device 21-403] Loading part xc7z010clg400-1
INFO: [Synth 8-7079] Multithreading enabled for synth_design using a maximum of 2 processes.
INFO: [Synth 8-7078] Launching helper process for spawning children vivado processes
INFO: [Synth 8-7075] Helper process launched with PID 21316
---------------------------------------------------------------------------------
Starting RTL Elaboration : Time (s): cpu = 00:00:07 ; elapsed = 00:00:08 . Memory (MB): peak = 998.266 ; gain = 0.000
---------------------------------------------------------------------------------
INFO: [Synth 8-6157] synthesizing module 'system_biquadFilter_0_0' [c:/Users/tandeitnik/Documents/GitHub/vivadoProjects/projects/biquadFilter/biquadFilter.srcs/sources_1/bd/system/ip/system_biquadFilter_0_0/synth/system_biquadFilter_0_0.v:58]
INFO: [Synth 8-638] synthesizing module 'biquadFilter' [C:/Users/tandeitnik/Documents/GitHub/vivadoProjects/projects/biquadFilter/biquadFilter.srcs/sources_1/new/biquadFilter.vhd:28]
	Parameter in_left_radix bound to: 1 - type: integer 
	Parameter in_right_radix bound to: 13 - type: integer 
	Parameter out_left_radix bound to: 1 - type: integer 
	Parameter out_right_radix bound to: 13 - type: integer 
WARNING: [Synth 8-614] signal 'enable' is read in the process but is not in the sensitivity list [C:/Users/tandeitnik/Documents/GitHub/vivadoProjects/projects/biquadFilter/biquadFilter.srcs/sources_1/new/biquadFilter.vhd:60]
INFO: [Synth 8-226] default block is never used [C:/Users/tandeitnik/Documents/GitHub/vivadoProjects/projects/biquadFilter/biquadFilter.srcs/sources_1/new/biquadFilter.vhd:78]
INFO: [Synth 8-256] done synthesizing module 'biquadFilter' (1#1) [C:/Users/tandeitnik/Documents/GitHub/vivadoProjects/projects/biquadFilter/biquadFilter.srcs/sources_1/new/biquadFilter.vhd:28]
INFO: [Synth 8-6155] done synthesizing module 'system_biquadFilter_0_0' (2#1) [c:/Users/tandeitnik/Documents/GitHub/vivadoProjects/projects/biquadFilter/biquadFilter.srcs/sources_1/bd/system/ip/system_biquadFilter_0_0/synth/system_biquadFilter_0_0.v:58]
---------------------------------------------------------------------------------
Finished RTL Elaboration : Time (s): cpu = 00:00:08 ; elapsed = 00:00:09 . Memory (MB): peak = 998.266 ; gain = 0.000
---------------------------------------------------------------------------------
---------------------------------------------------------------------------------
Start Handling Custom Attributes
---------------------------------------------------------------------------------
---------------------------------------------------------------------------------
Finished Handling Custom Attributes : Time (s): cpu = 00:00:09 ; elapsed = 00:00:10 . Memory (MB): peak = 998.266 ; gain = 0.000
---------------------------------------------------------------------------------
---------------------------------------------------------------------------------
Finished RTL Optimization Phase 1 : Time (s): cpu = 00:00:09 ; elapsed = 00:00:10 . Memory (MB): peak = 998.266 ; gain = 0.000
---------------------------------------------------------------------------------
Netlist sorting complete. Time (s): cpu = 00:00:00 ; elapsed = 00:00:00.019 . Memory (MB): peak = 998.266 ; gain = 0.000
INFO: [Project 1-570] Preparing netlist for logic optimization

Processing XDC Constraints
Initializing timing engine
Completed Processing XDC Constraints

Netlist sorting complete. Time (s): cpu = 00:00:00 ; elapsed = 00:00:00 . Memory (MB): peak = 998.266 ; gain = 0.000
INFO: [Project 1-111] Unisim Transformation Summary:
No Unisim elements were transformed.

Constraint Validation Runtime : Time (s): cpu = 00:00:00 ; elapsed = 00:00:00.028 . Memory (MB): peak = 998.266 ; gain = 0.000
---------------------------------------------------------------------------------
Finished Constraint Validation : Time (s): cpu = 00:00:17 ; elapsed = 00:00:18 . Memory (MB): peak = 998.266 ; gain = 0.000
---------------------------------------------------------------------------------
---------------------------------------------------------------------------------
Start Loading Part and Timing Information
---------------------------------------------------------------------------------
Loading part: xc7z010clg400-1
---------------------------------------------------------------------------------
Finished Loading Part and Timing Information : Time (s): cpu = 00:00:17 ; elapsed = 00:00:18 . Memory (MB): peak = 998.266 ; gain = 0.000
---------------------------------------------------------------------------------
---------------------------------------------------------------------------------
Start Applying 'set_property' XDC Constraints
---------------------------------------------------------------------------------
---------------------------------------------------------------------------------
Finished applying 'set_property' XDC Constraints : Time (s): cpu = 00:00:17 ; elapsed = 00:00:18 . Memory (MB): peak = 998.266 ; gain = 0.000
---------------------------------------------------------------------------------
INFO: [Synth 8-802] inferred FSM for state register 'PS_reg' in module 'biquadFilter'
---------------------------------------------------------------------------------------------------
                   State |                     New Encoding |                Previous Encoding 
---------------------------------------------------------------------------------------------------
                     st0 |                             0001 |                               00
                     st1 |                             0010 |                               01
                     st2 |                             0100 |                               10
                     st3 |                             1000 |                               11
---------------------------------------------------------------------------------------------------
INFO: [Synth 8-3354] encoded FSM with state register 'PS_reg' using encoding 'one-hot' in module 'biquadFilter'
---------------------------------------------------------------------------------
Finished RTL Optimization Phase 2 : Time (s): cpu = 00:00:17 ; elapsed = 00:00:19 . Memory (MB): peak = 998.266 ; gain = 0.000
---------------------------------------------------------------------------------
---------------------------------------------------------------------------------
Start RTL Component Statistics 
---------------------------------------------------------------------------------
Detailed RTL Component Info : 
+---Adders : 
	   2 Input   86 Bit       Adders := 1     
	   2 Input   85 Bit       Adders := 1     
	   2 Input   84 Bit       Adders := 1     
	   2 Input   83 Bit       Adders := 1     
+---Registers : 
	               82 Bit    Registers := 2     
	               50 Bit    Registers := 2     
	               46 Bit    Registers := 3     
	               14 Bit    Registers := 4     
	                1 Bit    Registers := 1     
+---Multipliers : 
	              32x50  Multipliers := 2     
	              14x32  Multipliers := 3     
+---Muxes : 
	   2 Input   50 Bit        Muxes := 3     
	   2 Input   14 Bit        Muxes := 3     
	   4 Input    4 Bit        Muxes := 1     
	   2 Input    4 Bit        Muxes := 1     
	   4 Input    2 Bit        Muxes := 1     
	   4 Input    1 Bit        Muxes := 1     
---------------------------------------------------------------------------------
Finished RTL Component Statistics 
---------------------------------------------------------------------------------
---------------------------------------------------------------------------------
Start Part Resource Summary
---------------------------------------------------------------------------------
Part Resources:
DSPs: 80 (col length:40)
BRAMs: 120 (col length: RAMB18 40 RAMB36 20)
---------------------------------------------------------------------------------
Finished Part Resource Summary
---------------------------------------------------------------------------------
---------------------------------------------------------------------------------
Start Cross Boundary and Area Optimization
---------------------------------------------------------------------------------
DSP Report: Generating DSP inst/arg, operation Mode is: A''*B.
DSP Report: register inst/arg is absorbed into DSP inst/arg.
DSP Report: register inst/arg is absorbed into DSP inst/arg.
DSP Report: operator inst/arg is absorbed into DSP inst/arg.
DSP Report: operator inst/arg is absorbed into DSP inst/arg.
DSP Report: Generating DSP inst/y2_sf_reg, operation Mode is: (PCIN>>17)+A''*B.
DSP Report: register inst/y2_sf_reg is absorbed into DSP inst/y2_sf_reg.
DSP Report: register inst/y2_sf_reg is absorbed into DSP inst/y2_sf_reg.
DSP Report: register inst/y2_sf_reg is absorbed into DSP inst/y2_sf_reg.
DSP Report: operator inst/arg is absorbed into DSP inst/y2_sf_reg.
DSP Report: operator inst/arg is absorbed into DSP inst/y2_sf_reg.
DSP Report: Generating DSP inst/arg, operation Mode is: A''*B.
DSP Report: register inst/arg is absorbed into DSP inst/arg.
DSP Report: register inst/arg is absorbed into DSP inst/arg.
DSP Report: operator inst/arg is absorbed into DSP inst/arg.
DSP Report: operator inst/arg is absorbed into DSP inst/arg.
DSP Report: Generating DSP inst/y2_sf_reg, operation Mode is: (PCIN>>17)+A*B''.
DSP Report: register inst/y2_sf_reg is absorbed into DSP inst/y2_sf_reg.
DSP Report: register inst/y2_sf_reg is absorbed into DSP inst/y2_sf_reg.
DSP Report: register inst/y2_sf_reg is absorbed into DSP inst/y2_sf_reg.
DSP Report: operator inst/arg is absorbed into DSP inst/y2_sf_reg.
DSP Report: operator inst/arg is absorbed into DSP inst/y2_sf_reg.
DSP Report: Generating DSP inst/arg, operation Mode is: A*B''.
DSP Report: register inst/arg is absorbed into DSP inst/arg.
DSP Report: register inst/arg is absorbed into DSP inst/arg.
DSP Report: operator inst/arg is absorbed into DSP inst/arg.
DSP Report: operator inst/arg is absorbed into DSP inst/arg.
DSP Report: Generating DSP inst/y2_sf_reg, operation Mode is: (PCIN>>17)+A*B''.
DSP Report: register inst/y2_sf_reg is absorbed into DSP inst/y2_sf_reg.
DSP Report: register inst/y2_sf_reg is absorbed into DSP inst/y2_sf_reg.
DSP Report: register inst/y2_sf_reg is absorbed into DSP inst/y2_sf_reg.
DSP Report: operator inst/arg is absorbed into DSP inst/y2_sf_reg.
DSP Report: operator inst/arg is absorbed into DSP inst/y2_sf_reg.
DSP Report: Generating DSP inst/arg, operation Mode is: A2*B.
DSP Report: register inst/arg is absorbed into DSP inst/arg.
DSP Report: operator inst/arg is absorbed into DSP inst/arg.
DSP Report: operator inst/arg is absorbed into DSP inst/arg.
DSP Report: Generating DSP inst/y1_sf_reg, operation Mode is: (PCIN>>17)+A2*B.
DSP Report: register inst/y1_sf_reg is absorbed into DSP inst/y1_sf_reg.
DSP Report: register inst/y1_sf_reg is absorbed into DSP inst/y1_sf_reg.
DSP Report: operator inst/arg is absorbed into DSP inst/y1_sf_reg.
DSP Report: operator inst/arg is absorbed into DSP inst/y1_sf_reg.
DSP Report: Generating DSP inst/arg, operation Mode is: A2*B.
DSP Report: register inst/arg is absorbed into DSP inst/arg.
DSP Report: operator inst/arg is absorbed into DSP inst/arg.
DSP Report: operator inst/arg is absorbed into DSP inst/arg.
DSP Report: Generating DSP inst/y1_sf_reg, operation Mode is: (PCIN>>17)+A*B2.
DSP Report: register inst/y1_sf_reg is absorbed into DSP inst/y1_sf_reg.
DSP Report: register inst/y1_sf_reg is absorbed into DSP inst/y1_sf_reg.
DSP Report: operator inst/arg is absorbed into DSP inst/y1_sf_reg.
DSP Report: operator inst/arg is absorbed into DSP inst/y1_sf_reg.
DSP Report: Generating DSP inst/arg, operation Mode is: A*B2.
DSP Report: register inst/arg is absorbed into DSP inst/arg.
DSP Report: operator inst/arg is absorbed into DSP inst/arg.
DSP Report: operator inst/arg is absorbed into DSP inst/arg.
DSP Report: Generating DSP inst/y1_sf_reg, operation Mode is: (PCIN>>17)+A*B2.
DSP Report: register inst/y1_sf_reg is absorbed into DSP inst/y1_sf_reg.
DSP Report: register inst/y1_sf_reg is absorbed into DSP inst/y1_sf_reg.
DSP Report: operator inst/arg is absorbed into DSP inst/y1_sf_reg.
DSP Report: operator inst/arg is absorbed into DSP inst/y1_sf_reg.
DSP Report: Generating DSP inst/arg, operation Mode is: A*B2.
DSP Report: register inst/input0_sf_reg is absorbed into DSP inst/arg.
DSP Report: operator inst/arg is absorbed into DSP inst/arg.
DSP Report: operator inst/arg is absorbed into DSP inst/arg.
DSP Report: Generating DSP inst/x0_sf_reg, operation Mode is: (PCIN>>17)+A*B2.
DSP Report: register inst/input0_sf_reg is absorbed into DSP inst/x0_sf_reg.
DSP Report: register inst/x0_sf_reg is absorbed into DSP inst/x0_sf_reg.
DSP Report: operator inst/arg is absorbed into DSP inst/x0_sf_reg.
DSP Report: operator inst/arg is absorbed into DSP inst/x0_sf_reg.
DSP Report: Generating DSP inst/arg, operation Mode is: A*B''.
DSP Report: register inst/input0_sf_reg is absorbed into DSP inst/arg.
DSP Report: register inst/input1_sf_reg is absorbed into DSP inst/arg.
DSP Report: operator inst/arg is absorbed into DSP inst/arg.
DSP Report: operator inst/arg is absorbed into DSP inst/arg.
DSP Report: Generating DSP inst/x1_sf_reg, operation Mode is: (PCIN>>17)+A*B''.
DSP Report: register inst/input0_sf_reg is absorbed into DSP inst/x1_sf_reg.
DSP Report: register inst/input1_sf_reg is absorbed into DSP inst/x1_sf_reg.
DSP Report: register inst/x1_sf_reg is absorbed into DSP inst/x1_sf_reg.
DSP Report: operator inst/arg is absorbed into DSP inst/x1_sf_reg.
DSP Report: operator inst/arg is absorbed into DSP inst/x1_sf_reg.
DSP Report: Generating DSP inst/arg, operation Mode is: A*B''.
DSP Report: register inst/input1_sf_reg is absorbed into DSP inst/arg.
DSP Report: register inst/input2_sf_reg is absorbed into DSP inst/arg.
DSP Report: operator inst/arg is absorbed into DSP inst/arg.
DSP Report: operator inst/arg is absorbed into DSP inst/arg.
DSP Report: Generating DSP inst/x2_sf_reg, operation Mode is: (PCIN>>17)+A*B''.
DSP Report: register inst/input1_sf_reg is absorbed into DSP inst/x2_sf_reg.
DSP Report: register inst/input2_sf_reg is absorbed into DSP inst/x2_sf_reg.
DSP Report: register inst/x2_sf_reg is absorbed into DSP inst/x2_sf_reg.
DSP Report: operator inst/arg is absorbed into DSP inst/x2_sf_reg.
DSP Report: operator inst/arg is absorbed into DSP inst/x2_sf_reg.
---------------------------------------------------------------------------------
Finished Cross Boundary and Area Optimization : Time (s): cpu = 00:00:21 ; elapsed = 00:00:23 . Memory (MB): peak = 998.266 ; gain = 0.000
---------------------------------------------------------------------------------
---------------------------------------------------------------------------------
Start ROM, RAM, DSP and Shift Register Reporting
---------------------------------------------------------------------------------

DSP: Preliminary Mapping	Report (see note below)
+------------------------+------------------+--------+--------+--------+--------+--------+------+------+------+------+-------+------+------+
|Module Name             | DSP Mapping      | A Size | B Size | C Size | D Size | P Size | AREG | BREG | CREG | DREG | ADREG | MREG | PREG | 
+------------------------+------------------+--------+--------+--------+--------+--------+------+------+------+------+-------+------+------+
|system_biquadFilter_0_0 | A''*B            | 18     | 15     | -      | -      | 48     | 2    | 0    | -    | -    | -     | 0    | 0    | 
|system_biquadFilter_0_0 | (PCIN>>17)+A''*B | 16     | 15     | -      | -      | 48     | 2    | 0    | -    | -    | -     | 0    | 1    | 
|system_biquadFilter_0_0 | A''*B            | 18     | 15     | -      | -      | 48     | 2    | 0    | -    | -    | -     | 0    | 0    | 
|system_biquadFilter_0_0 | (PCIN>>17)+A*B'' | 18     | 16     | -      | -      | 48     | 0    | 2    | -    | -    | -     | 0    | 1    | 
|system_biquadFilter_0_0 | A*B''            | 18     | 18     | -      | -      | 48     | 0    | 2    | -    | -    | -     | 0    | 0    | 
|system_biquadFilter_0_0 | (PCIN>>17)+A*B'' | 18     | 18     | -      | -      | 48     | 0    | 2    | -    | -    | -     | 0    | 1    | 
|system_biquadFilter_0_0 | A2*B             | 18     | 15     | -      | -      | 48     | 1    | 0    | -    | -    | -     | 0    | 0    | 
|system_biquadFilter_0_0 | (PCIN>>17)+A2*B  | 16     | 15     | -      | -      | 48     | 1    | 0    | -    | -    | -     | 0    | 1    | 
|system_biquadFilter_0_0 | A2*B             | 18     | 15     | -      | -      | 48     | 1    | 0    | -    | -    | -     | 0    | 0    | 
|system_biquadFilter_0_0 | (PCIN>>17)+A*B2  | 18     | 16     | -      | -      | 48     | 0    | 1    | -    | -    | -     | 0    | 1    | 
|system_biquadFilter_0_0 | A*B2             | 18     | 18     | -      | -      | 48     | 0    | 1    | -    | -    | -     | 0    | 0    | 
|system_biquadFilter_0_0 | (PCIN>>17)+A*B2  | 18     | 18     | -      | -      | 48     | 0    | 1    | -    | -    | -     | 0    | 1    | 
|system_biquadFilter_0_0 | A*B2             | 18     | 14     | -      | -      | 48     | 0    | 1    | -    | -    | -     | 0    | 0    | 
|system_biquadFilter_0_0 | (PCIN>>17)+A*B2  | 15     | 14     | -      | -      | 48     | 0    | 1    | -    | -    | -     | 0    | 1    | 
|system_biquadFilter_0_0 | A*B''            | 18     | 14     | -      | -      | 48     | 0    | 2    | -    | -    | -     | 0    | 0    | 
|system_biquadFilter_0_0 | (PCIN>>17)+A*B'' | 15     | 14     | -      | -      | 48     | 0    | 2    | -    | -    | -     | 0    | 1    | 
|system_biquadFilter_0_0 | A*B''            | 18     | 14     | -      | -      | 48     | 0    | 2    | -    | -    | -     | 0    | 0    | 
|system_biquadFilter_0_0 | (PCIN>>17)+A*B'' | 15     | 14     | -      | -      | 48     | 0    | 2    | -    | -    | -     | 0    | 1    | 
+------------------------+------------------+--------+--------+--------+--------+--------+------+------+------+------+-------+------+------+

Note: The table above is a preliminary report that shows the DSPs inferred at the current stage of the synthesis flow. Some DSP may be reimplemented as non DSP primitives later in the synthesis flow. Multiple instantiated DSPs are reported only once.
---------------------------------------------------------------------------------
Finished ROM, RAM, DSP and Shift Register Reporting
---------------------------------------------------------------------------------
---------------------------------------------------------------------------------
Start Applying XDC Timing Constraints
---------------------------------------------------------------------------------
---------------------------------------------------------------------------------
Finished Applying XDC Timing Constraints : Time (s): cpu = 00:00:34 ; elapsed = 00:00:36 . Memory (MB): peak = 1037.746 ; gain = 39.480
---------------------------------------------------------------------------------
---------------------------------------------------------------------------------
Start Timing Optimization
---------------------------------------------------------------------------------
---------------------------------------------------------------------------------
Finished Timing Optimization : Time (s): cpu = 00:00:34 ; elapsed = 00:00:36 . Memory (MB): peak = 1038.566 ; gain = 40.301
---------------------------------------------------------------------------------
---------------------------------------------------------------------------------
Start Technology Mapping
---------------------------------------------------------------------------------
---------------------------------------------------------------------------------
Finished Technology Mapping : Time (s): cpu = 00:00:34 ; elapsed = 00:00:36 . Memory (MB): peak = 1067.207 ; gain = 68.941
---------------------------------------------------------------------------------
---------------------------------------------------------------------------------
Start IO Insertion
---------------------------------------------------------------------------------
---------------------------------------------------------------------------------
Start Flattening Before IO Insertion
---------------------------------------------------------------------------------
---------------------------------------------------------------------------------
Finished Flattening Before IO Insertion
---------------------------------------------------------------------------------
---------------------------------------------------------------------------------
Start Final Netlist Cleanup
---------------------------------------------------------------------------------
---------------------------------------------------------------------------------
Finished Final Netlist Cleanup
---------------------------------------------------------------------------------
---------------------------------------------------------------------------------
Finished IO Insertion : Time (s): cpu = 00:00:38 ; elapsed = 00:00:39 . Memory (MB): peak = 1068.953 ; gain = 70.688
---------------------------------------------------------------------------------
---------------------------------------------------------------------------------
Start Renaming Generated Instances
---------------------------------------------------------------------------------
---------------------------------------------------------------------------------
Finished Renaming Generated Instances : Time (s): cpu = 00:00:38 ; elapsed = 00:00:39 . Memory (MB): peak = 1068.953 ; gain = 70.688
---------------------------------------------------------------------------------
---------------------------------------------------------------------------------
Start Rebuilding User Hierarchy
---------------------------------------------------------------------------------
---------------------------------------------------------------------------------
Finished Rebuilding User Hierarchy : Time (s): cpu = 00:00:38 ; elapsed = 00:00:39 . Memory (MB): peak = 1068.953 ; gain = 70.688
---------------------------------------------------------------------------------
---------------------------------------------------------------------------------
Start Renaming Generated Ports
---------------------------------------------------------------------------------
---------------------------------------------------------------------------------
Finished Renaming Generated Ports : Time (s): cpu = 00:00:38 ; elapsed = 00:00:39 . Memory (MB): peak = 1068.953 ; gain = 70.688
---------------------------------------------------------------------------------
---------------------------------------------------------------------------------
Start Handling Custom Attributes
---------------------------------------------------------------------------------
---------------------------------------------------------------------------------
Finished Handling Custom Attributes : Time (s): cpu = 00:00:38 ; elapsed = 00:00:40 . Memory (MB): peak = 1068.953 ; gain = 70.688
---------------------------------------------------------------------------------
---------------------------------------------------------------------------------
Start Renaming Generated Nets
---------------------------------------------------------------------------------
---------------------------------------------------------------------------------
Finished Renaming Generated Nets : Time (s): cpu = 00:00:38 ; elapsed = 00:00:40 . Memory (MB): peak = 1068.953 ; gain = 70.688
---------------------------------------------------------------------------------
---------------------------------------------------------------------------------
Start Writing Synthesis Report
---------------------------------------------------------------------------------

Report BlackBoxes: 
+-+--------------+----------+
| |BlackBox name |Instances |
+-+--------------+----------+
+-+--------------+----------+

Report Cell Usage: 
+------+--------+------+
|      |Cell    |Count |
+------+--------+------+
|1     |CARRY4  |   100|
|2     |DSP48E1 |    18|
|10    |LUT1    |     6|
|11    |LUT2    |   285|
|12    |LUT3    |    65|
|13    |LUT4    |    30|
|14    |LUT5    |     4|
|15    |LUT6    |   156|
|16    |FDCE    |     3|
|17    |FDPE    |     1|
|18    |FDRE    |   208|
+------+--------+------+
---------------------------------------------------------------------------------
Finished Writing Synthesis Report : Time (s): cpu = 00:00:38 ; elapsed = 00:00:40 . Memory (MB): peak = 1068.953 ; gain = 70.688
---------------------------------------------------------------------------------
Synthesis finished with 0 errors, 0 critical warnings and 0 warnings.
Synthesis Optimization Runtime : Time (s): cpu = 00:00:27 ; elapsed = 00:00:38 . Memory (MB): peak = 1068.953 ; gain = 70.688
Synthesis Optimization Complete : Time (s): cpu = 00:00:38 ; elapsed = 00:00:40 . Memory (MB): peak = 1068.953 ; gain = 70.688
INFO: [Project 1-571] Translating synthesized netlist
Netlist sorting complete. Time (s): cpu = 00:00:00 ; elapsed = 00:00:00.015 . Memory (MB): peak = 1077.664 ; gain = 0.000
INFO: [Netlist 29-17] Analyzing 118 Unisim elements for replacement
INFO: [Netlist 29-28] Unisim Transformation completed in 0 CPU seconds
INFO: [Project 1-570] Preparing netlist for logic optimization
INFO: [Opt 31-138] Pushed 0 inverter(s) to 0 load pin(s).
Netlist sorting complete. Time (s): cpu = 00:00:00 ; elapsed = 00:00:00 . Memory (MB): peak = 1080.770 ; gain = 0.000
INFO: [Project 1-111] Unisim Transformation Summary:
No Unisim elements were transformed.

INFO: [Common 17-83] Releasing license: Synthesis
24 Infos, 3 Warnings, 0 Critical Warnings and 0 Errors encountered.
synth_design completed successfully
synth_design: Time (s): cpu = 00:00:45 ; elapsed = 00:00:48 . Memory (MB): peak = 1080.770 ; gain = 82.504
INFO: [Common 17-1381] The checkpoint 'C:/Users/tandeitnik/Documents/GitHub/vivadoProjects/projects/biquadFilter/biquadFilter.runs/system_biquadFilter_0_0_synth_1/system_biquadFilter_0_0.dcp' has been generated.
WARNING: [Common 17-576] 'use_project_ipc' is deprecated. This option is deprecated and no longer used.
INFO: [Common 17-1381] The checkpoint 'C:/Users/tandeitnik/Documents/GitHub/vivadoProjects/projects/biquadFilter/biquadFilter.runs/system_biquadFilter_0_0_synth_1/system_biquadFilter_0_0.dcp' has been generated.
INFO: [runtcl-4] Executing : report_utilization -file system_biquadFilter_0_0_utilization_synth.rpt -pb system_biquadFilter_0_0_utilization_synth.pb
INFO: [Common 17-206] Exiting Vivado at Tue May 21 11:08:17 2024...

*** Running vivado
    with args -log system_biquadFilter_0_0.vds -m64 -product Vivado -mode batch -messageDb vivado.pb -notrace -source system_biquadFilter_0_0.tcl



****** Vivado v2020.1 (64-bit)
  **** SW Build 2902540 on Wed May 27 19:54:49 MDT 2020
  **** IP Build 2902112 on Wed May 27 22:43:36 MDT 2020
    ** Copyright 1986-2020 Xilinx, Inc. All Rights Reserved.

source system_biquadFilter_0_0.tcl -notrace
INFO: [IP_Flow 19-234] Refreshing IP repositories
INFO: [IP_Flow 19-1700] Loaded user IP repository 'c:/Users/tandeitnik/Documents/GitHub/vivadoProjects/tmp/cores'.
INFO: [IP_Flow 19-2313] Loaded Vivado IP repository 'C:/Xilinx/Vivado/2020.1/data/ip'.
WARNING: [IP_Flow 19-4995] The host OS only allows 260 characters in a normal path. The IP cache path is more than 80 characters. If you experience issues with IP caching, please consider changing the IP cache to a location with a shorter path. Alternately consider using the OS subst command to map part of the path to a drive letter. 
Current IP cache path is c:/Users/tandeitnik/Documents/GitHub/vivadoProjects/projects/biquad_10bit/biquad_10bit.cache/ip 
Command: synth_design -top system_biquadFilter_0_0 -part xc7z010clg400-1 -mode out_of_context
Starting synth_design
WARNING: [IP_Flow 19-3571] IP 'system_biquadFilter_0_0' is restricted:
* Module reference is stale and needs refreshing.
Attempting to get a license for feature 'Synthesis' and/or device 'xc7z010'
INFO: [Common 17-349] Got license for feature 'Synthesis' and/or device 'xc7z010'
INFO: [Device 21-403] Loading part xc7z010clg400-1
INFO: [Synth 8-7079] Multithreading enabled for synth_design using a maximum of 2 processes.
INFO: [Synth 8-7078] Launching helper process for spawning children vivado processes
INFO: [Synth 8-7075] Helper process launched with PID 24072
---------------------------------------------------------------------------------
Starting RTL Elaboration : Time (s): cpu = 00:00:06 ; elapsed = 00:00:06 . Memory (MB): peak = 1011.992 ; gain = 0.000
---------------------------------------------------------------------------------
INFO: [Synth 8-6157] synthesizing module 'system_biquadFilter_0_0' [c:/Users/tandeitnik/Documents/GitHub/vivadoProjects/projects/biquad_10bit/biquad_10bit.srcs/sources_1/bd/system/ip/system_biquadFilter_0_0/synth/system_biquadFilter_0_0.v:58]
INFO: [Synth 8-638] synthesizing module 'biquadFilter' [C:/Users/tandeitnik/Documents/GitHub/vivadoProjects/projects/biquad_10bit/biquad_10bit.srcs/sources_1/new/biquadFilter.vhd:28]
	Parameter in_left_radix bound to: 1 - type: integer 
	Parameter in_right_radix bound to: 9 - type: integer 
	Parameter out_left_radix bound to: 1 - type: integer 
	Parameter out_right_radix bound to: 9 - type: integer 
WARNING: [Synth 8-614] signal 'enable' is read in the process but is not in the sensitivity list [C:/Users/tandeitnik/Documents/GitHub/vivadoProjects/projects/biquad_10bit/biquad_10bit.srcs/sources_1/new/biquadFilter.vhd:60]
INFO: [Synth 8-226] default block is never used [C:/Users/tandeitnik/Documents/GitHub/vivadoProjects/projects/biquad_10bit/biquad_10bit.srcs/sources_1/new/biquadFilter.vhd:78]
INFO: [Synth 8-256] done synthesizing module 'biquadFilter' (1#1) [C:/Users/tandeitnik/Documents/GitHub/vivadoProjects/projects/biquad_10bit/biquad_10bit.srcs/sources_1/new/biquadFilter.vhd:28]
INFO: [Synth 8-6155] done synthesizing module 'system_biquadFilter_0_0' (2#1) [c:/Users/tandeitnik/Documents/GitHub/vivadoProjects/projects/biquad_10bit/biquad_10bit.srcs/sources_1/bd/system/ip/system_biquadFilter_0_0/synth/system_biquadFilter_0_0.v:58]
---------------------------------------------------------------------------------
Finished RTL Elaboration : Time (s): cpu = 00:00:07 ; elapsed = 00:00:08 . Memory (MB): peak = 1011.992 ; gain = 0.000
---------------------------------------------------------------------------------
---------------------------------------------------------------------------------
Start Handling Custom Attributes
---------------------------------------------------------------------------------
---------------------------------------------------------------------------------
Finished Handling Custom Attributes : Time (s): cpu = 00:00:08 ; elapsed = 00:00:08 . Memory (MB): peak = 1011.992 ; gain = 0.000
---------------------------------------------------------------------------------
---------------------------------------------------------------------------------
Finished RTL Optimization Phase 1 : Time (s): cpu = 00:00:08 ; elapsed = 00:00:08 . Memory (MB): peak = 1011.992 ; gain = 0.000
---------------------------------------------------------------------------------
Netlist sorting complete. Time (s): cpu = 00:00:00 ; elapsed = 00:00:00.029 . Memory (MB): peak = 1011.992 ; gain = 0.000
INFO: [Project 1-570] Preparing netlist for logic optimization

Processing XDC Constraints
Initializing timing engine
Completed Processing XDC Constraints

Netlist sorting complete. Time (s): cpu = 00:00:00 ; elapsed = 00:00:00 . Memory (MB): peak = 1011.992 ; gain = 0.000
INFO: [Project 1-111] Unisim Transformation Summary:
No Unisim elements were transformed.

Constraint Validation Runtime : Time (s): cpu = 00:00:00 ; elapsed = 00:00:00.027 . Memory (MB): peak = 1011.992 ; gain = 0.000
---------------------------------------------------------------------------------
Finished Constraint Validation : Time (s): cpu = 00:00:15 ; elapsed = 00:00:15 . Memory (MB): peak = 1011.992 ; gain = 0.000
---------------------------------------------------------------------------------
---------------------------------------------------------------------------------
Start Loading Part and Timing Information
---------------------------------------------------------------------------------
Loading part: xc7z010clg400-1
---------------------------------------------------------------------------------
Finished Loading Part and Timing Information : Time (s): cpu = 00:00:15 ; elapsed = 00:00:15 . Memory (MB): peak = 1011.992 ; gain = 0.000
---------------------------------------------------------------------------------
---------------------------------------------------------------------------------
Start Applying 'set_property' XDC Constraints
---------------------------------------------------------------------------------
---------------------------------------------------------------------------------
Finished applying 'set_property' XDC Constraints : Time (s): cpu = 00:00:15 ; elapsed = 00:00:16 . Memory (MB): peak = 1011.992 ; gain = 0.000
---------------------------------------------------------------------------------
INFO: [Synth 8-802] inferred FSM for state register 'PS_reg' in module 'biquadFilter'
---------------------------------------------------------------------------------------------------
                   State |                     New Encoding |                Previous Encoding 
---------------------------------------------------------------------------------------------------
                     st0 |                             0001 |                               00
                     st1 |                             0010 |                               01
                     st2 |                             0100 |                               10
                     st3 |                             1000 |                               11
---------------------------------------------------------------------------------------------------
INFO: [Synth 8-3354] encoded FSM with state register 'PS_reg' using encoding 'one-hot' in module 'biquadFilter'
---------------------------------------------------------------------------------
Finished RTL Optimization Phase 2 : Time (s): cpu = 00:00:15 ; elapsed = 00:00:16 . Memory (MB): peak = 1011.992 ; gain = 0.000
---------------------------------------------------------------------------------
---------------------------------------------------------------------------------
Start RTL Component Statistics 
---------------------------------------------------------------------------------
Detailed RTL Component Info : 
+---Adders : 
	   2 Input   82 Bit       Adders := 1     
	   2 Input   81 Bit       Adders := 1     
	   2 Input   80 Bit       Adders := 1     
	   2 Input   79 Bit       Adders := 1     
+---Registers : 
	               78 Bit    Registers := 2     
	               46 Bit    Registers := 2     
	               42 Bit    Registers := 3     
	               10 Bit    Registers := 4     
	                1 Bit    Registers := 1     
+---Multipliers : 
	              32x46  Multipliers := 2     
	              10x32  Multipliers := 3     
+---Muxes : 
	   2 Input   46 Bit        Muxes := 3     
	   2 Input   10 Bit        Muxes := 3     
	   4 Input    4 Bit        Muxes := 1     
	   2 Input    4 Bit        Muxes := 1     
	   4 Input    2 Bit        Muxes := 1     
	   4 Input    1 Bit        Muxes := 1     
---------------------------------------------------------------------------------
Finished RTL Component Statistics 
---------------------------------------------------------------------------------
---------------------------------------------------------------------------------
Start Part Resource Summary
---------------------------------------------------------------------------------
Part Resources:
DSPs: 80 (col length:40)
BRAMs: 120 (col length: RAMB18 40 RAMB36 20)
---------------------------------------------------------------------------------
Finished Part Resource Summary
---------------------------------------------------------------------------------
---------------------------------------------------------------------------------
Start Cross Boundary and Area Optimization
---------------------------------------------------------------------------------
DSP Report: Generating DSP inst/arg, operation Mode is: A''*B.
DSP Report: register inst/arg is absorbed into DSP inst/arg.
DSP Report: register inst/arg is absorbed into DSP inst/arg.
DSP Report: operator inst/arg is absorbed into DSP inst/arg.
DSP Report: operator inst/arg is absorbed into DSP inst/arg.
DSP Report: Generating DSP inst/y2_sf_reg, operation Mode is: (PCIN>>17)+A*B''.
DSP Report: register inst/y2_sf_reg is absorbed into DSP inst/y2_sf_reg.
DSP Report: register inst/y2_sf_reg is absorbed into DSP inst/y2_sf_reg.
DSP Report: register inst/y2_sf_reg is absorbed into DSP inst/y2_sf_reg.
DSP Report: operator inst/arg is absorbed into DSP inst/y2_sf_reg.
DSP Report: operator inst/arg is absorbed into DSP inst/y2_sf_reg.
DSP Report: Generating DSP inst/arg, operation Mode is: A''*B.
DSP Report: register inst/arg is absorbed into DSP inst/arg.
DSP Report: register inst/arg is absorbed into DSP inst/arg.
DSP Report: operator inst/arg is absorbed into DSP inst/arg.
DSP Report: operator inst/arg is absorbed into DSP inst/arg.
DSP Report: Generating DSP inst/y2_sf_reg, operation Mode is: (PCIN>>17)+A*B''.
DSP Report: register inst/y2_sf_reg is absorbed into DSP inst/y2_sf_reg.
DSP Report: register inst/y2_sf_reg is absorbed into DSP inst/y2_sf_reg.
DSP Report: register inst/y2_sf_reg is absorbed into DSP inst/y2_sf_reg.
DSP Report: operator inst/arg is absorbed into DSP inst/y2_sf_reg.
DSP Report: operator inst/arg is absorbed into DSP inst/y2_sf_reg.
DSP Report: Generating DSP inst/arg, operation Mode is: A*B''.
DSP Report: register inst/arg is absorbed into DSP inst/arg.
DSP Report: register inst/arg is absorbed into DSP inst/arg.
DSP Report: operator inst/arg is absorbed into DSP inst/arg.
DSP Report: operator inst/arg is absorbed into DSP inst/arg.
DSP Report: Generating DSP inst/y2_sf_reg, operation Mode is: (PCIN>>17)+A*B''.
DSP Report: register inst/y2_sf_reg is absorbed into DSP inst/y2_sf_reg.
DSP Report: register inst/y2_sf_reg is absorbed into DSP inst/y2_sf_reg.
DSP Report: register inst/y2_sf_reg is absorbed into DSP inst/y2_sf_reg.
DSP Report: operator inst/arg is absorbed into DSP inst/y2_sf_reg.
DSP Report: operator inst/arg is absorbed into DSP inst/y2_sf_reg.
DSP Report: Generating DSP inst/arg, operation Mode is: A2*B.
DSP Report: register inst/arg is absorbed into DSP inst/arg.
DSP Report: operator inst/arg is absorbed into DSP inst/arg.
DSP Report: operator inst/arg is absorbed into DSP inst/arg.
DSP Report: Generating DSP inst/y1_sf_reg, operation Mode is: (PCIN>>17)+A*B2.
DSP Report: register inst/y1_sf_reg is absorbed into DSP inst/y1_sf_reg.
DSP Report: register inst/y1_sf_reg is absorbed into DSP inst/y1_sf_reg.
DSP Report: operator inst/arg is absorbed into DSP inst/y1_sf_reg.
DSP Report: operator inst/arg is absorbed into DSP inst/y1_sf_reg.
DSP Report: Generating DSP inst/arg, operation Mode is: A2*B.
DSP Report: register inst/arg is absorbed into DSP inst/arg.
DSP Report: operator inst/arg is absorbed into DSP inst/arg.
DSP Report: operator inst/arg is absorbed into DSP inst/arg.
DSP Report: Generating DSP inst/y1_sf_reg, operation Mode is: (PCIN>>17)+A*B2.
DSP Report: register inst/y1_sf_reg is absorbed into DSP inst/y1_sf_reg.
DSP Report: register inst/y1_sf_reg is absorbed into DSP inst/y1_sf_reg.
DSP Report: operator inst/arg is absorbed into DSP inst/y1_sf_reg.
DSP Report: operator inst/arg is absorbed into DSP inst/y1_sf_reg.
DSP Report: Generating DSP inst/arg, operation Mode is: A*B2.
DSP Report: register inst/arg is absorbed into DSP inst/arg.
DSP Report: operator inst/arg is absorbed into DSP inst/arg.
DSP Report: operator inst/arg is absorbed into DSP inst/arg.
DSP Report: Generating DSP inst/y1_sf_reg, operation Mode is: (PCIN>>17)+A*B2.
DSP Report: register inst/y1_sf_reg is absorbed into DSP inst/y1_sf_reg.
DSP Report: register inst/y1_sf_reg is absorbed into DSP inst/y1_sf_reg.
DSP Report: operator inst/arg is absorbed into DSP inst/y1_sf_reg.
DSP Report: operator inst/arg is absorbed into DSP inst/y1_sf_reg.
DSP Report: Generating DSP inst/arg, operation Mode is: A*B2.
DSP Report: register inst/input0_sf_reg is absorbed into DSP inst/arg.
DSP Report: operator inst/arg is absorbed into DSP inst/arg.
DSP Report: operator inst/arg is absorbed into DSP inst/arg.
DSP Report: Generating DSP inst/x0_sf_reg, operation Mode is: (PCIN>>17)+A*B2.
DSP Report: register inst/input0_sf_reg is absorbed into DSP inst/x0_sf_reg.
DSP Report: register inst/x0_sf_reg is absorbed into DSP inst/x0_sf_reg.
DSP Report: operator inst/arg is absorbed into DSP inst/x0_sf_reg.
DSP Report: operator inst/arg is absorbed into DSP inst/x0_sf_reg.
DSP Report: Generating DSP inst/arg, operation Mode is: A*B''.
DSP Report: register inst/input0_sf_reg is absorbed into DSP inst/arg.
DSP Report: register inst/input1_sf_reg is absorbed into DSP inst/arg.
DSP Report: operator inst/arg is absorbed into DSP inst/arg.
DSP Report: operator inst/arg is absorbed into DSP inst/arg.
DSP Report: Generating DSP inst/x1_sf_reg, operation Mode is: (PCIN>>17)+A*B''.
DSP Report: register inst/input0_sf_reg is absorbed into DSP inst/x1_sf_reg.
DSP Report: register inst/input1_sf_reg is absorbed into DSP inst/x1_sf_reg.
DSP Report: register inst/x1_sf_reg is absorbed into DSP inst/x1_sf_reg.
DSP Report: operator inst/arg is absorbed into DSP inst/x1_sf_reg.
DSP Report: operator inst/arg is absorbed into DSP inst/x1_sf_reg.
DSP Report: Generating DSP inst/arg, operation Mode is: A*B''.
DSP Report: register inst/input1_sf_reg is absorbed into DSP inst/arg.
DSP Report: register inst/input2_sf_reg is absorbed into DSP inst/arg.
DSP Report: operator inst/arg is absorbed into DSP inst/arg.
DSP Report: operator inst/arg is absorbed into DSP inst/arg.
DSP Report: Generating DSP inst/x2_sf_reg, operation Mode is: (PCIN>>17)+A*B''.
DSP Report: register inst/input1_sf_reg is absorbed into DSP inst/x2_sf_reg.
DSP Report: register inst/input2_sf_reg is absorbed into DSP inst/x2_sf_reg.
DSP Report: register inst/x2_sf_reg is absorbed into DSP inst/x2_sf_reg.
DSP Report: operator inst/arg is absorbed into DSP inst/x2_sf_reg.
DSP Report: operator inst/arg is absorbed into DSP inst/x2_sf_reg.
---------------------------------------------------------------------------------
Finished Cross Boundary and Area Optimization : Time (s): cpu = 00:00:20 ; elapsed = 00:00:20 . Memory (MB): peak = 1011.992 ; gain = 0.000
---------------------------------------------------------------------------------
---------------------------------------------------------------------------------
Start ROM, RAM, DSP and Shift Register Reporting
---------------------------------------------------------------------------------

DSP: Preliminary Mapping	Report (see note below)
+------------------------+------------------+--------+--------+--------+--------+--------+------+------+------+------+-------+------+------+
|Module Name             | DSP Mapping      | A Size | B Size | C Size | D Size | P Size | AREG | BREG | CREG | DREG | ADREG | MREG | PREG | 
+------------------------+------------------+--------+--------+--------+--------+--------+------+------+------+------+-------+------+------+
|system_biquadFilter_0_0 | A''*B            | 18     | 15     | -      | -      | 48     | 2    | 0    | -    | -    | -     | 0    | 0    | 
|system_biquadFilter_0_0 | (PCIN>>17)+A*B'' | 15     | 12     | -      | -      | 48     | 0    | 2    | -    | -    | -     | 0    | 1    | 
|system_biquadFilter_0_0 | A''*B            | 18     | 15     | -      | -      | 48     | 2    | 0    | -    | -    | -     | 0    | 0    | 
|system_biquadFilter_0_0 | (PCIN>>17)+A*B'' | 18     | 12     | -      | -      | 48     | 0    | 2    | -    | -    | -     | 0    | 1    | 
|system_biquadFilter_0_0 | A*B''            | 18     | 18     | -      | -      | 48     | 0    | 2    | -    | -    | -     | 0    | 0    | 
|system_biquadFilter_0_0 | (PCIN>>17)+A*B'' | 18     | 18     | -      | -      | 48     | 0    | 2    | -    | -    | -     | 0    | 1    | 
|system_biquadFilter_0_0 | A2*B             | 18     | 15     | -      | -      | 48     | 1    | 0    | -    | -    | -     | 0    | 0    | 
|system_biquadFilter_0_0 | (PCIN>>17)+A*B2  | 15     | 12     | -      | -      | 48     | 0    | 1    | -    | -    | -     | 0    | 1    | 
|system_biquadFilter_0_0 | A2*B             | 18     | 15     | -      | -      | 48     | 1    | 0    | -    | -    | -     | 0    | 0    | 
|system_biquadFilter_0_0 | (PCIN>>17)+A*B2  | 18     | 12     | -      | -      | 48     | 0    | 1    | -    | -    | -     | 0    | 1    | 
|system_biquadFilter_0_0 | A*B2             | 18     | 18     | -      | -      | 48     | 0    | 1    | -    | -    | -     | 0    | 0    | 
|system_biquadFilter_0_0 | (PCIN>>17)+A*B2  | 18     | 18     | -      | -      | 48     | 0    | 1    | -    | -    | -     | 0    | 1    | 
|system_biquadFilter_0_0 | A*B2             | 18     | 10     | -      | -      | 48     | 0    | 1    | -    | -    | -     | 0    | 0    | 
|system_biquadFilter_0_0 | (PCIN>>17)+A*B2  | 15     | 10     | -      | -      | 48     | 0    | 1    | -    | -    | -     | 0    | 1    | 
|system_biquadFilter_0_0 | A*B''            | 18     | 10     | -      | -      | 48     | 0    | 2    | -    | -    | -     | 0    | 0    | 
|system_biquadFilter_0_0 | (PCIN>>17)+A*B'' | 15     | 10     | -      | -      | 48     | 0    | 2    | -    | -    | -     | 0    | 1    | 
|system_biquadFilter_0_0 | A*B''            | 18     | 10     | -      | -      | 48     | 0    | 2    | -    | -    | -     | 0    | 0    | 
|system_biquadFilter_0_0 | (PCIN>>17)+A*B'' | 15     | 10     | -      | -      | 48     | 0    | 2    | -    | -    | -     | 0    | 1    | 
+------------------------+------------------+--------+--------+--------+--------+--------+------+------+------+------+-------+------+------+

Note: The table above is a preliminary report that shows the DSPs inferred at the current stage of the synthesis flow. Some DSP may be reimplemented as non DSP primitives later in the synthesis flow. Multiple instantiated DSPs are reported only once.
---------------------------------------------------------------------------------
Finished ROM, RAM, DSP and Shift Register Reporting
---------------------------------------------------------------------------------
---------------------------------------------------------------------------------
Start Applying XDC Timing Constraints
---------------------------------------------------------------------------------
---------------------------------------------------------------------------------
Finished Applying XDC Timing Constraints : Time (s): cpu = 00:00:35 ; elapsed = 00:00:36 . Memory (MB): peak = 1026.648 ; gain = 14.656
---------------------------------------------------------------------------------
---------------------------------------------------------------------------------
Start Timing Optimization
---------------------------------------------------------------------------------
---------------------------------------------------------------------------------
Finished Timing Optimization : Time (s): cpu = 00:00:35 ; elapsed = 00:00:36 . Memory (MB): peak = 1027.488 ; gain = 15.496
---------------------------------------------------------------------------------
---------------------------------------------------------------------------------
Start Technology Mapping
---------------------------------------------------------------------------------
---------------------------------------------------------------------------------
Finished Technology Mapping : Time (s): cpu = 00:00:36 ; elapsed = 00:00:37 . Memory (MB): peak = 1056.078 ; gain = 44.086
---------------------------------------------------------------------------------
---------------------------------------------------------------------------------
Start IO Insertion
---------------------------------------------------------------------------------
---------------------------------------------------------------------------------
Start Flattening Before IO Insertion
---------------------------------------------------------------------------------
---------------------------------------------------------------------------------
Finished Flattening Before IO Insertion
---------------------------------------------------------------------------------
---------------------------------------------------------------------------------
Start Final Netlist Cleanup
---------------------------------------------------------------------------------
---------------------------------------------------------------------------------
Finished Final Netlist Cleanup
---------------------------------------------------------------------------------
---------------------------------------------------------------------------------
Finished IO Insertion : Time (s): cpu = 00:00:42 ; elapsed = 00:00:43 . Memory (MB): peak = 1057.098 ; gain = 45.105
---------------------------------------------------------------------------------
---------------------------------------------------------------------------------
Start Renaming Generated Instances
---------------------------------------------------------------------------------
---------------------------------------------------------------------------------
Finished Renaming Generated Instances : Time (s): cpu = 00:00:42 ; elapsed = 00:00:43 . Memory (MB): peak = 1057.098 ; gain = 45.105
---------------------------------------------------------------------------------
---------------------------------------------------------------------------------
Start Rebuilding User Hierarchy
---------------------------------------------------------------------------------
---------------------------------------------------------------------------------
Finished Rebuilding User Hierarchy : Time (s): cpu = 00:00:42 ; elapsed = 00:00:43 . Memory (MB): peak = 1057.098 ; gain = 45.105
---------------------------------------------------------------------------------
---------------------------------------------------------------------------------
Start Renaming Generated Ports
---------------------------------------------------------------------------------
---------------------------------------------------------------------------------
Finished Renaming Generated Ports : Time (s): cpu = 00:00:42 ; elapsed = 00:00:43 . Memory (MB): peak = 1057.098 ; gain = 45.105
---------------------------------------------------------------------------------
---------------------------------------------------------------------------------
Start Handling Custom Attributes
---------------------------------------------------------------------------------
---------------------------------------------------------------------------------
Finished Handling Custom Attributes : Time (s): cpu = 00:00:42 ; elapsed = 00:00:43 . Memory (MB): peak = 1057.098 ; gain = 45.105
---------------------------------------------------------------------------------
---------------------------------------------------------------------------------
Start Renaming Generated Nets
---------------------------------------------------------------------------------
---------------------------------------------------------------------------------
Finished Renaming Generated Nets : Time (s): cpu = 00:00:42 ; elapsed = 00:00:43 . Memory (MB): peak = 1057.098 ; gain = 45.105
---------------------------------------------------------------------------------
---------------------------------------------------------------------------------
Start Writing Synthesis Report
---------------------------------------------------------------------------------

Report BlackBoxes: 
+-+--------------+----------+
| |BlackBox name |Instances |
+-+--------------+----------+
+-+--------------+----------+

Report Cell Usage: 
+------+--------+------+
|      |Cell    |Count |
+------+--------+------+
|1     |CARRY4  |    94|
|2     |DSP48E1 |    18|
|8     |LUT1    |     6|
|9     |LUT2    |   269|
|10    |LUT3    |    65|
|11    |LUT4    |    22|
|12    |LUT5    |     4|
|13    |LUT6    |   140|
|14    |FDCE    |     3|
|15    |FDPE    |     1|
|16    |FDRE    |   196|
+------+--------+------+
---------------------------------------------------------------------------------
Finished Writing Synthesis Report : Time (s): cpu = 00:00:42 ; elapsed = 00:00:43 . Memory (MB): peak = 1057.098 ; gain = 45.105
---------------------------------------------------------------------------------
Synthesis finished with 0 errors, 0 critical warnings and 0 warnings.
Synthesis Optimization Runtime : Time (s): cpu = 00:00:32 ; elapsed = 00:00:41 . Memory (MB): peak = 1057.098 ; gain = 45.105
Synthesis Optimization Complete : Time (s): cpu = 00:00:42 ; elapsed = 00:00:43 . Memory (MB): peak = 1057.098 ; gain = 45.105
INFO: [Project 1-571] Translating synthesized netlist
Netlist sorting complete. Time (s): cpu = 00:00:00 ; elapsed = 00:00:00.034 . Memory (MB): peak = 1069.184 ; gain = 0.000
INFO: [Netlist 29-17] Analyzing 112 Unisim elements for replacement
INFO: [Netlist 29-28] Unisim Transformation completed in 0 CPU seconds
INFO: [Project 1-570] Preparing netlist for logic optimization
INFO: [Opt 31-138] Pushed 0 inverter(s) to 0 load pin(s).
Netlist sorting complete. Time (s): cpu = 00:00:00 ; elapsed = 00:00:00.001 . Memory (MB): peak = 1069.184 ; gain = 0.000
INFO: [Project 1-111] Unisim Transformation Summary:
No Unisim elements were transformed.

INFO: [Common 17-83] Releasing license: Synthesis
24 Infos, 3 Warnings, 0 Critical Warnings and 0 Errors encountered.
synth_design completed successfully
synth_design: Time (s): cpu = 00:00:50 ; elapsed = 00:00:54 . Memory (MB): peak = 1069.184 ; gain = 57.191
INFO: [Common 17-1381] The checkpoint 'C:/Users/tandeitnik/Documents/GitHub/vivadoProjects/projects/biquad_10bit/biquad_10bit.runs/system_biquadFilter_0_0_synth_1/system_biquadFilter_0_0.dcp' has been generated.
WARNING: [Common 17-576] 'use_project_ipc' is deprecated. This option is deprecated and no longer used.
INFO: [Common 17-1381] The checkpoint 'C:/Users/tandeitnik/Documents/GitHub/vivadoProjects/projects/biquad_10bit/biquad_10bit.runs/system_biquadFilter_0_0_synth_1/system_biquadFilter_0_0.dcp' has been generated.
INFO: [runtcl-4] Executing : report_utilization -file system_biquadFilter_0_0_utilization_synth.rpt -pb system_biquadFilter_0_0_utilization_synth.pb
INFO: [Common 17-206] Exiting Vivado at Tue May 28 14:05:34 2024...
