
*** Running vivado
    with args -log system_biquadFilter_0_0.vds -m64 -product Vivado -mode batch -messageDb vivado.pb -notrace -source system_biquadFilter_0_0.tcl



****** Vivado v2020.1 (64-bit)
  **** SW Build 2902540 on Wed May 27 19:54:49 MDT 2020
  **** IP Build 2902112 on Wed May 27 22:43:36 MDT 2020
    ** Copyright 1986-2020 Xilinx, Inc. All Rights Reserved.

source system_biquadFilter_0_0.tcl -notrace
INFO: [IP_Flow 19-234] Refreshing IP repositories
INFO: [IP_Flow 19-1700] Loaded user IP repository 'c:/Users/tandeitnik/Documents/GitHub/vivadoProjects/tmp/cores'.
INFO: [IP_Flow 19-2313] Loaded Vivado IP repository 'C:/Xilinx/Vivado/2020.1/data/ip'.
Command: synth_design -top system_biquadFilter_0_0 -part xc7z010clg400-1 -mode out_of_context
Starting synth_design
WARNING: [IP_Flow 19-3571] IP 'system_biquadFilter_0_0' is restricted:
* Module reference is stale and needs refreshing.
Attempting to get a license for feature 'Synthesis' and/or device 'xc7z010'
INFO: [Common 17-349] Got license for feature 'Synthesis' and/or device 'xc7z010'
INFO: [Device 21-403] Loading part xc7z010clg400-1
INFO: [Synth 8-7079] Multithreading enabled for synth_design using a maximum of 2 processes.
INFO: [Synth 8-7078] Launching helper process for spawning children vivado processes
INFO: [Synth 8-7075] Helper process launched with PID 18440
---------------------------------------------------------------------------------
Starting RTL Elaboration : Time (s): cpu = 00:00:07 ; elapsed = 00:00:07 . Memory (MB): peak = 1012.391 ; gain = 0.000
---------------------------------------------------------------------------------
INFO: [Synth 8-6157] synthesizing module 'system_biquadFilter_0_0' [c:/Users/tandeitnik/Documents/GitHub/vivadoProjects/projects/PID/PID.srcs/sources_1/bd/system/ip/system_biquadFilter_0_0/synth/system_biquadFilter_0_0.v:58]
INFO: [Synth 8-638] synthesizing module 'biquadFilter' [C:/Users/tandeitnik/Documents/GitHub/vivadoProjects/projects/PID/PID.srcs/sources_1/new/biquadFilter.vhd:25]
	Parameter input_size bound to: 14 - type: integer 
	Parameter output_size bound to: 14 - type: integer 
WARNING: [Synth 8-614] signal 'enable' is read in the process but is not in the sensitivity list [C:/Users/tandeitnik/Documents/GitHub/vivadoProjects/projects/PID/PID.srcs/sources_1/new/biquadFilter.vhd:57]
INFO: [Synth 8-226] default block is never used [C:/Users/tandeitnik/Documents/GitHub/vivadoProjects/projects/PID/PID.srcs/sources_1/new/biquadFilter.vhd:75]
INFO: [Synth 8-256] done synthesizing module 'biquadFilter' (1#1) [C:/Users/tandeitnik/Documents/GitHub/vivadoProjects/projects/PID/PID.srcs/sources_1/new/biquadFilter.vhd:25]
INFO: [Synth 8-6155] done synthesizing module 'system_biquadFilter_0_0' (2#1) [c:/Users/tandeitnik/Documents/GitHub/vivadoProjects/projects/PID/PID.srcs/sources_1/bd/system/ip/system_biquadFilter_0_0/synth/system_biquadFilter_0_0.v:58]
---------------------------------------------------------------------------------
Finished RTL Elaboration : Time (s): cpu = 00:00:08 ; elapsed = 00:00:08 . Memory (MB): peak = 1012.391 ; gain = 0.000
---------------------------------------------------------------------------------
---------------------------------------------------------------------------------
Start Handling Custom Attributes
---------------------------------------------------------------------------------
---------------------------------------------------------------------------------
Finished Handling Custom Attributes : Time (s): cpu = 00:00:08 ; elapsed = 00:00:08 . Memory (MB): peak = 1012.391 ; gain = 0.000
---------------------------------------------------------------------------------
---------------------------------------------------------------------------------
Finished RTL Optimization Phase 1 : Time (s): cpu = 00:00:08 ; elapsed = 00:00:08 . Memory (MB): peak = 1012.391 ; gain = 0.000
---------------------------------------------------------------------------------
Netlist sorting complete. Time (s): cpu = 00:00:00 ; elapsed = 00:00:00.022 . Memory (MB): peak = 1012.391 ; gain = 0.000
INFO: [Project 1-570] Preparing netlist for logic optimization

Processing XDC Constraints
Initializing timing engine
Completed Processing XDC Constraints

Netlist sorting complete. Time (s): cpu = 00:00:00 ; elapsed = 00:00:00 . Memory (MB): peak = 1012.391 ; gain = 0.000
INFO: [Project 1-111] Unisim Transformation Summary:
No Unisim elements were transformed.

Constraint Validation Runtime : Time (s): cpu = 00:00:00 ; elapsed = 00:00:00.023 . Memory (MB): peak = 1012.391 ; gain = 0.000
---------------------------------------------------------------------------------
Finished Constraint Validation : Time (s): cpu = 00:00:14 ; elapsed = 00:00:14 . Memory (MB): peak = 1012.391 ; gain = 0.000
---------------------------------------------------------------------------------
---------------------------------------------------------------------------------
Start Loading Part and Timing Information
---------------------------------------------------------------------------------
Loading part: xc7z010clg400-1
---------------------------------------------------------------------------------
Finished Loading Part and Timing Information : Time (s): cpu = 00:00:14 ; elapsed = 00:00:14 . Memory (MB): peak = 1012.391 ; gain = 0.000
---------------------------------------------------------------------------------
---------------------------------------------------------------------------------
Start Applying 'set_property' XDC Constraints
---------------------------------------------------------------------------------
---------------------------------------------------------------------------------
Finished applying 'set_property' XDC Constraints : Time (s): cpu = 00:00:14 ; elapsed = 00:00:14 . Memory (MB): peak = 1012.391 ; gain = 0.000
---------------------------------------------------------------------------------
INFO: [Synth 8-802] inferred FSM for state register 'PS_reg' in module 'biquadFilter'
---------------------------------------------------------------------------------------------------
                   State |                     New Encoding |                Previous Encoding 
---------------------------------------------------------------------------------------------------
                     st0 |                             0001 |                               00
                     st1 |                             0010 |                               01
                     st2 |                             0100 |                               10
                     st3 |                             1000 |                               11
---------------------------------------------------------------------------------------------------
INFO: [Synth 8-3354] encoded FSM with state register 'PS_reg' using encoding 'one-hot' in module 'biquadFilter'
---------------------------------------------------------------------------------
Finished RTL Optimization Phase 2 : Time (s): cpu = 00:00:15 ; elapsed = 00:00:15 . Memory (MB): peak = 1012.391 ; gain = 0.000
---------------------------------------------------------------------------------
---------------------------------------------------------------------------------
Start RTL Component Statistics 
---------------------------------------------------------------------------------
Detailed RTL Component Info : 
+---Adders : 
	   2 Input   74 Bit       Adders := 1     
	   2 Input   73 Bit       Adders := 1     
	   2 Input   72 Bit       Adders := 1     
	   2 Input   71 Bit       Adders := 1     
+---Registers : 
	               70 Bit    Registers := 2     
	               46 Bit    Registers := 3     
	               38 Bit    Registers := 2     
	               14 Bit    Registers := 4     
	                1 Bit    Registers := 1     
+---Multipliers : 
	              32x38  Multipliers := 2     
	              14x32  Multipliers := 3     
+---Muxes : 
	   2 Input   38 Bit        Muxes := 3     
	   2 Input   14 Bit        Muxes := 3     
	   4 Input    4 Bit        Muxes := 1     
	   2 Input    4 Bit        Muxes := 1     
	   4 Input    2 Bit        Muxes := 1     
	   4 Input    1 Bit        Muxes := 1     
---------------------------------------------------------------------------------
Finished RTL Component Statistics 
---------------------------------------------------------------------------------
---------------------------------------------------------------------------------
Start Part Resource Summary
---------------------------------------------------------------------------------
Part Resources:
DSPs: 80 (col length:40)
BRAMs: 120 (col length: RAMB18 40 RAMB36 20)
---------------------------------------------------------------------------------
Finished Part Resource Summary
---------------------------------------------------------------------------------
---------------------------------------------------------------------------------
Start Cross Boundary and Area Optimization
---------------------------------------------------------------------------------
DSP Report: Generating DSP inst/arg, operation Mode is: A''*B.
DSP Report: register inst/arg is absorbed into DSP inst/arg.
DSP Report: register inst/arg is absorbed into DSP inst/arg.
DSP Report: operator inst/arg is absorbed into DSP inst/arg.
DSP Report: operator inst/arg is absorbed into DSP inst/arg.
DSP Report: Generating DSP inst/y2_sf_reg, operation Mode is: (PCIN>>17)+A''*B.
DSP Report: register inst/output1_sf_reg is absorbed into DSP inst/y2_sf_reg.
DSP Report: register inst/output2_sf_reg is absorbed into DSP inst/y2_sf_reg.
DSP Report: register inst/y2_sf_reg is absorbed into DSP inst/y2_sf_reg.
DSP Report: operator inst/arg is absorbed into DSP inst/y2_sf_reg.
DSP Report: operator inst/arg is absorbed into DSP inst/y2_sf_reg.
DSP Report: Generating DSP inst/arg, operation Mode is: A*B''.
DSP Report: register inst/arg is absorbed into DSP inst/arg.
DSP Report: register inst/arg is absorbed into DSP inst/arg.
DSP Report: operator inst/arg is absorbed into DSP inst/arg.
DSP Report: operator inst/arg is absorbed into DSP inst/arg.
DSP Report: Generating DSP inst/y2_sf_reg, operation Mode is: (PCIN>>17)+A''*B.
DSP Report: register inst/output1_sf_reg is absorbed into DSP inst/y2_sf_reg.
DSP Report: register inst/output2_sf_reg is absorbed into DSP inst/y2_sf_reg.
DSP Report: register inst/y2_sf_reg is absorbed into DSP inst/y2_sf_reg.
DSP Report: operator inst/arg is absorbed into DSP inst/y2_sf_reg.
DSP Report: operator inst/arg is absorbed into DSP inst/y2_sf_reg.
DSP Report: Generating DSP inst/arg, operation Mode is: A2*B.
DSP Report: register inst/arg is absorbed into DSP inst/arg.
DSP Report: operator inst/arg is absorbed into DSP inst/arg.
DSP Report: operator inst/arg is absorbed into DSP inst/arg.
DSP Report: Generating DSP inst/y1_sf_reg, operation Mode is: (PCIN>>17)+A2*B.
DSP Report: register inst/output1_sf_reg is absorbed into DSP inst/y1_sf_reg.
DSP Report: register inst/y1_sf_reg is absorbed into DSP inst/y1_sf_reg.
DSP Report: operator inst/arg is absorbed into DSP inst/y1_sf_reg.
DSP Report: operator inst/arg is absorbed into DSP inst/y1_sf_reg.
DSP Report: Generating DSP inst/arg, operation Mode is: A*B2.
DSP Report: register inst/arg is absorbed into DSP inst/arg.
DSP Report: operator inst/arg is absorbed into DSP inst/arg.
DSP Report: operator inst/arg is absorbed into DSP inst/arg.
DSP Report: Generating DSP inst/y1_sf_reg, operation Mode is: (PCIN>>17)+A2*B.
DSP Report: register inst/output1_sf_reg is absorbed into DSP inst/y1_sf_reg.
DSP Report: register inst/y1_sf_reg is absorbed into DSP inst/y1_sf_reg.
DSP Report: operator inst/arg is absorbed into DSP inst/y1_sf_reg.
DSP Report: operator inst/arg is absorbed into DSP inst/y1_sf_reg.
DSP Report: Generating DSP inst/arg, operation Mode is: A*B2.
DSP Report: register inst/input0_sf_reg is absorbed into DSP inst/arg.
DSP Report: operator inst/arg is absorbed into DSP inst/arg.
DSP Report: operator inst/arg is absorbed into DSP inst/arg.
DSP Report: Generating DSP inst/x0_sf_reg, operation Mode is: (PCIN>>17)+A*B2.
DSP Report: register inst/input0_sf_reg is absorbed into DSP inst/x0_sf_reg.
DSP Report: register inst/x0_sf_reg is absorbed into DSP inst/x0_sf_reg.
DSP Report: operator inst/arg is absorbed into DSP inst/x0_sf_reg.
DSP Report: operator inst/arg is absorbed into DSP inst/x0_sf_reg.
DSP Report: Generating DSP inst/arg, operation Mode is: A*B''.
DSP Report: register inst/input0_sf_reg is absorbed into DSP inst/arg.
DSP Report: register inst/input1_sf_reg is absorbed into DSP inst/arg.
DSP Report: operator inst/arg is absorbed into DSP inst/arg.
DSP Report: operator inst/arg is absorbed into DSP inst/arg.
DSP Report: Generating DSP inst/x1_sf_reg, operation Mode is: (PCIN>>17)+A*B''.
DSP Report: register inst/input0_sf_reg is absorbed into DSP inst/x1_sf_reg.
DSP Report: register inst/input1_sf_reg is absorbed into DSP inst/x1_sf_reg.
DSP Report: register inst/x1_sf_reg is absorbed into DSP inst/x1_sf_reg.
DSP Report: operator inst/arg is absorbed into DSP inst/x1_sf_reg.
DSP Report: operator inst/arg is absorbed into DSP inst/x1_sf_reg.
DSP Report: Generating DSP inst/arg, operation Mode is: A*B''.
DSP Report: register inst/input1_sf_reg is absorbed into DSP inst/arg.
DSP Report: register inst/input2_sf_reg is absorbed into DSP inst/arg.
DSP Report: operator inst/arg is absorbed into DSP inst/arg.
DSP Report: operator inst/arg is absorbed into DSP inst/arg.
DSP Report: Generating DSP inst/x2_sf_reg, operation Mode is: (PCIN>>17)+A*B''.
DSP Report: register inst/input1_sf_reg is absorbed into DSP inst/x2_sf_reg.
DSP Report: register inst/input2_sf_reg is absorbed into DSP inst/x2_sf_reg.
DSP Report: register inst/x2_sf_reg is absorbed into DSP inst/x2_sf_reg.
DSP Report: operator inst/arg is absorbed into DSP inst/x2_sf_reg.
DSP Report: operator inst/arg is absorbed into DSP inst/x2_sf_reg.
---------------------------------------------------------------------------------
Finished Cross Boundary and Area Optimization : Time (s): cpu = 00:00:17 ; elapsed = 00:00:18 . Memory (MB): peak = 1012.391 ; gain = 0.000
---------------------------------------------------------------------------------
---------------------------------------------------------------------------------
Start ROM, RAM, DSP and Shift Register Reporting
---------------------------------------------------------------------------------

DSP: Preliminary Mapping	Report (see note below)
+------------------------+------------------+--------+--------+--------+--------+--------+------+------+------+------+-------+------+------+
|Module Name             | DSP Mapping      | A Size | B Size | C Size | D Size | P Size | AREG | BREG | CREG | DREG | ADREG | MREG | PREG | 
+------------------------+------------------+--------+--------+--------+--------+--------+------+------+------+------+-------+------+------+
|system_biquadFilter_0_0 | A''*B            | 18     | 15     | -      | -      | 48     | 2    | 0    | -    | -    | -     | 0    | 0    | 
|system_biquadFilter_0_0 | (PCIN>>17)+A''*B | 21     | 15     | -      | -      | 48     | 2    | 0    | -    | -    | -     | 0    | 1    | 
|system_biquadFilter_0_0 | A*B''            | 18     | 18     | -      | -      | 48     | 0    | 2    | -    | -    | -     | 0    | 0    | 
|system_biquadFilter_0_0 | (PCIN>>17)+A''*B | 21     | 18     | -      | -      | 48     | 2    | 0    | -    | -    | -     | 0    | 1    | 
|system_biquadFilter_0_0 | A2*B             | 18     | 15     | -      | -      | 48     | 1    | 0    | -    | -    | -     | 0    | 0    | 
|system_biquadFilter_0_0 | (PCIN>>17)+A2*B  | 21     | 15     | -      | -      | 48     | 1    | 0    | -    | -    | -     | 0    | 1    | 
|system_biquadFilter_0_0 | A*B2             | 18     | 18     | -      | -      | 48     | 0    | 1    | -    | -    | -     | 0    | 0    | 
|system_biquadFilter_0_0 | (PCIN>>17)+A2*B  | 21     | 18     | -      | -      | 48     | 1    | 0    | -    | -    | -     | 0    | 1    | 
|system_biquadFilter_0_0 | A*B2             | 18     | 14     | -      | -      | 48     | 0    | 1    | -    | -    | -     | 0    | 0    | 
|system_biquadFilter_0_0 | (PCIN>>17)+A*B2  | 15     | 14     | -      | -      | 48     | 0    | 1    | -    | -    | -     | 0    | 1    | 
|system_biquadFilter_0_0 | A*B''            | 18     | 14     | -      | -      | 48     | 0    | 2    | -    | -    | -     | 0    | 0    | 
|system_biquadFilter_0_0 | (PCIN>>17)+A*B'' | 15     | 14     | -      | -      | 48     | 0    | 2    | -    | -    | -     | 0    | 1    | 
|system_biquadFilter_0_0 | A*B''            | 18     | 14     | -      | -      | 48     | 0    | 2    | -    | -    | -     | 0    | 0    | 
|system_biquadFilter_0_0 | (PCIN>>17)+A*B'' | 15     | 14     | -      | -      | 48     | 0    | 2    | -    | -    | -     | 0    | 1    | 
+------------------------+------------------+--------+--------+--------+--------+--------+------+------+------+------+-------+------+------+

Note: The table above is a preliminary report that shows the DSPs inferred at the current stage of the synthesis flow. Some DSP may be reimplemented as non DSP primitives later in the synthesis flow. Multiple instantiated DSPs are reported only once.
---------------------------------------------------------------------------------
Finished ROM, RAM, DSP and Shift Register Reporting
---------------------------------------------------------------------------------
---------------------------------------------------------------------------------
Start Applying XDC Timing Constraints
---------------------------------------------------------------------------------
---------------------------------------------------------------------------------
Finished Applying XDC Timing Constraints : Time (s): cpu = 00:00:29 ; elapsed = 00:00:29 . Memory (MB): peak = 1031.570 ; gain = 19.180
---------------------------------------------------------------------------------
---------------------------------------------------------------------------------
Start Timing Optimization
---------------------------------------------------------------------------------
---------------------------------------------------------------------------------
Finished Timing Optimization : Time (s): cpu = 00:00:29 ; elapsed = 00:00:29 . Memory (MB): peak = 1032.141 ; gain = 19.750
---------------------------------------------------------------------------------
---------------------------------------------------------------------------------
Start Technology Mapping
---------------------------------------------------------------------------------
---------------------------------------------------------------------------------
Finished Technology Mapping : Time (s): cpu = 00:00:29 ; elapsed = 00:00:29 . Memory (MB): peak = 1060.785 ; gain = 48.395
---------------------------------------------------------------------------------
---------------------------------------------------------------------------------
Start IO Insertion
---------------------------------------------------------------------------------
---------------------------------------------------------------------------------
Start Flattening Before IO Insertion
---------------------------------------------------------------------------------
---------------------------------------------------------------------------------
Finished Flattening Before IO Insertion
---------------------------------------------------------------------------------
---------------------------------------------------------------------------------
Start Final Netlist Cleanup
---------------------------------------------------------------------------------
---------------------------------------------------------------------------------
Finished Final Netlist Cleanup
---------------------------------------------------------------------------------
---------------------------------------------------------------------------------
Finished IO Insertion : Time (s): cpu = 00:00:33 ; elapsed = 00:00:33 . Memory (MB): peak = 1060.785 ; gain = 48.395
---------------------------------------------------------------------------------
---------------------------------------------------------------------------------
Start Renaming Generated Instances
---------------------------------------------------------------------------------
---------------------------------------------------------------------------------
Finished Renaming Generated Instances : Time (s): cpu = 00:00:33 ; elapsed = 00:00:33 . Memory (MB): peak = 1060.785 ; gain = 48.395
---------------------------------------------------------------------------------
---------------------------------------------------------------------------------
Start Rebuilding User Hierarchy
---------------------------------------------------------------------------------
---------------------------------------------------------------------------------
Finished Rebuilding User Hierarchy : Time (s): cpu = 00:00:33 ; elapsed = 00:00:33 . Memory (MB): peak = 1060.785 ; gain = 48.395
---------------------------------------------------------------------------------
---------------------------------------------------------------------------------
Start Renaming Generated Ports
---------------------------------------------------------------------------------
---------------------------------------------------------------------------------
Finished Renaming Generated Ports : Time (s): cpu = 00:00:33 ; elapsed = 00:00:33 . Memory (MB): peak = 1060.785 ; gain = 48.395
---------------------------------------------------------------------------------
---------------------------------------------------------------------------------
Start Handling Custom Attributes
---------------------------------------------------------------------------------
---------------------------------------------------------------------------------
Finished Handling Custom Attributes : Time (s): cpu = 00:00:33 ; elapsed = 00:00:33 . Memory (MB): peak = 1060.785 ; gain = 48.395
---------------------------------------------------------------------------------
---------------------------------------------------------------------------------
Start Renaming Generated Nets
---------------------------------------------------------------------------------
---------------------------------------------------------------------------------
Finished Renaming Generated Nets : Time (s): cpu = 00:00:33 ; elapsed = 00:00:33 . Memory (MB): peak = 1060.785 ; gain = 48.395
---------------------------------------------------------------------------------
---------------------------------------------------------------------------------
Start Writing Synthesis Report
---------------------------------------------------------------------------------

Report BlackBoxes: 
+-+--------------+----------+
| |BlackBox name |Instances |
+-+--------------+----------+
+-+--------------+----------+

Report Cell Usage: 
+------+--------+------+
|      |Cell    |Count |
+------+--------+------+
|1     |CARRY4  |    89|
|2     |DSP48E1 |    14|
|10    |LUT1    |     8|
|11    |LUT2    |   339|
|12    |LUT3    |     1|
|13    |LUT4    |    14|
|14    |LUT6    |    41|
|15    |FDCE    |     3|
|16    |FDPE    |     1|
|17    |FDRE    |   172|
+------+--------+------+
---------------------------------------------------------------------------------
Finished Writing Synthesis Report : Time (s): cpu = 00:00:33 ; elapsed = 00:00:33 . Memory (MB): peak = 1060.785 ; gain = 48.395
---------------------------------------------------------------------------------
Synthesis finished with 0 errors, 0 critical warnings and 0 warnings.
Synthesis Optimization Runtime : Time (s): cpu = 00:00:23 ; elapsed = 00:00:31 . Memory (MB): peak = 1060.785 ; gain = 48.395
Synthesis Optimization Complete : Time (s): cpu = 00:00:33 ; elapsed = 00:00:33 . Memory (MB): peak = 1060.785 ; gain = 48.395
INFO: [Project 1-571] Translating synthesized netlist
Netlist sorting complete. Time (s): cpu = 00:00:00 ; elapsed = 00:00:00.022 . Memory (MB): peak = 1060.785 ; gain = 0.000
INFO: [Netlist 29-17] Analyzing 103 Unisim elements for replacement
INFO: [Netlist 29-28] Unisim Transformation completed in 0 CPU seconds
INFO: [Project 1-570] Preparing netlist for logic optimization
INFO: [Opt 31-138] Pushed 0 inverter(s) to 0 load pin(s).
Netlist sorting complete. Time (s): cpu = 00:00:00 ; elapsed = 00:00:00 . Memory (MB): peak = 1060.785 ; gain = 0.000
INFO: [Project 1-111] Unisim Transformation Summary:
No Unisim elements were transformed.

INFO: [Common 17-83] Releasing license: Synthesis
24 Infos, 2 Warnings, 0 Critical Warnings and 0 Errors encountered.
synth_design completed successfully
synth_design: Time (s): cpu = 00:00:38 ; elapsed = 00:00:40 . Memory (MB): peak = 1060.785 ; gain = 48.395
INFO: [Common 17-1381] The checkpoint 'C:/Users/tandeitnik/Documents/GitHub/vivadoProjects/projects/PID/PID.runs/system_biquadFilter_0_0_synth_1/system_biquadFilter_0_0.dcp' has been generated.
WARNING: [Common 17-576] 'use_project_ipc' is deprecated. This option is deprecated and no longer used.
INFO: [Common 17-1381] The checkpoint 'C:/Users/tandeitnik/Documents/GitHub/vivadoProjects/projects/PID/PID.runs/system_biquadFilter_0_0_synth_1/system_biquadFilter_0_0.dcp' has been generated.
INFO: [runtcl-4] Executing : report_utilization -file system_biquadFilter_0_0_utilization_synth.rpt -pb system_biquadFilter_0_0_utilization_synth.pb
INFO: [Common 17-206] Exiting Vivado at Wed May 22 13:52:46 2024...
