Copyright 1986-2020 Xilinx, Inc. All Rights Reserved.
----------------------------------------------------------------------------------------------------------------------------------------------------------------
| Tool Version     : Vivado v.2020.1 (win64) Build 2902540 Wed May 27 19:54:49 MDT 2020
| Date             : Tue May 21 16:15:22 2024
| Host             : DESKTOP-40PU04J running 64-bit major release  (build 9200)
| Command          : report_power -file system_wrapper_power_routed.rpt -pb system_wrapper_power_summary_routed.pb -rpx system_wrapper_power_routed.rpx
| Design           : system_wrapper
| Device           : xc7z010clg400-1
| Design State     : routed
| Grade            : commercial
| Process          : typical
| Characterization : Production
----------------------------------------------------------------------------------------------------------------------------------------------------------------

Power Report

Table of Contents
-----------------
1. Summary
1.1 On-Chip Components
1.2 Power Supply Summary
1.3 Confidence Level
2. Settings
2.1 Environment
2.2 Clock Constraints
3. Detailed Reports
3.1 By Hierarchy

1. Summary
----------

+--------------------------+--------------+
| Total On-Chip Power (W)  | 1.859        |
| Design Power Budget (W)  | Unspecified* |
| Power Budget Margin (W)  | NA           |
| Dynamic (W)              | 1.730        |
| Device Static (W)        | 0.129        |
| Effective TJA (C/W)      | 11.5         |
| Max Ambient (C)          | 63.6         |
| Junction Temperature (C) | 46.4         |
| Confidence Level         | Low          |
| Setting File             | ---          |
| Simulation Activity File | ---          |
| Design Nets Matched      | NA           |
+--------------------------+--------------+
* Specify Design Power Budget using, set_operating_conditions -design_power_budget <value in Watts>


1.1 On-Chip Components
----------------------

+-------------------------+-----------+----------+-----------+-----------------+
| On-Chip                 | Power (W) | Used     | Available | Utilization (%) |
+-------------------------+-----------+----------+-----------+-----------------+
| Clocks                  |     0.016 |        8 |       --- |             --- |
| Slice Logic             |     0.014 |     6449 |       --- |             --- |
|   LUT as Logic          |     0.012 |     2370 |     17600 |           13.47 |
|   CARRY4                |     0.002 |      296 |      4400 |            6.73 |
|   Register              |    <0.001 |     3123 |     35200 |            8.87 |
|   F7/F8 Muxes           |    <0.001 |      128 |     17600 |            0.73 |
|   LUT as Shift Register |    <0.001 |       60 |      6000 |            1.00 |
|   Others                |     0.000 |      257 |       --- |             --- |
| Signals                 |     0.033 |     8249 |       --- |             --- |
| MMCM                    |     0.107 |        1 |         2 |           50.00 |
| DSPs                    |     0.053 |       56 |        80 |           70.00 |
| I/O                     |     0.224 |       71 |       100 |           71.00 |
| PS7                     |     1.282 |        1 |       --- |             --- |
| Static Power            |     0.129 |          |           |                 |
| Total                   |     1.859 |          |           |                 |
+-------------------------+-----------+----------+-----------+-----------------+


1.2 Power Supply Summary
------------------------

+-----------+-------------+-----------+-------------+------------+-------------+-------------+------------+
| Source    | Voltage (V) | Total (A) | Dynamic (A) | Static (A) | Powerup (A) | Budget (A)  | Margin (A) |
+-----------+-------------+-----------+-------------+------------+-------------+-------------+------------+
| Vccint    |       1.000 |     0.129 |       0.121 |      0.008 |       NA    | Unspecified | NA         |
| Vccaux    |       1.800 |     0.075 |       0.067 |      0.008 |       NA    | Unspecified | NA         |
| Vcco33    |       3.300 |     0.057 |       0.056 |      0.001 |       NA    | Unspecified | NA         |
| Vcco25    |       2.500 |     0.000 |       0.000 |      0.000 |       NA    | Unspecified | NA         |
| Vcco18    |       1.800 |     0.013 |       0.012 |      0.001 |       NA    | Unspecified | NA         |
| Vcco15    |       1.500 |     0.000 |       0.000 |      0.000 |       NA    | Unspecified | NA         |
| Vcco135   |       1.350 |     0.000 |       0.000 |      0.000 |       NA    | Unspecified | NA         |
| Vcco12    |       1.200 |     0.000 |       0.000 |      0.000 |       NA    | Unspecified | NA         |
| Vccaux_io |       1.800 |     0.000 |       0.000 |      0.000 |       NA    | Unspecified | NA         |
| Vccbram   |       1.000 |     0.000 |       0.000 |      0.000 |       NA    | Unspecified | NA         |
| MGTAVcc   |       1.000 |     0.000 |       0.000 |      0.000 |       NA    | Unspecified | NA         |
| MGTAVtt   |       1.200 |     0.000 |       0.000 |      0.000 |       NA    | Unspecified | NA         |
| MGTVccaux |       1.800 |     0.000 |       0.000 |      0.000 |       NA    | Unspecified | NA         |
| Vccpint   |       1.000 |     0.701 |       0.669 |      0.032 |       NA    | Unspecified | NA         |
| Vccpaux   |       1.800 |     0.037 |       0.027 |      0.010 |       NA    | Unspecified | NA         |
| Vccpll    |       1.800 |     0.017 |       0.014 |      0.003 |       NA    | Unspecified | NA         |
| Vcco_ddr  |       1.500 |     0.356 |       0.354 |      0.002 |       NA    | Unspecified | NA         |
| Vcco_mio0 |       3.300 |     0.002 |       0.001 |      0.001 |       NA    | Unspecified | NA         |
| Vcco_mio1 |       2.500 |     0.003 |       0.002 |      0.001 |       NA    | Unspecified | NA         |
| Vccadc    |       1.800 |     0.020 |       0.000 |      0.020 |       NA    | Unspecified | NA         |
+-----------+-------------+-----------+-------------+------------+-------------+-------------+------------+


1.3 Confidence Level
--------------------

+-----------------------------+------------+--------------------------------------------------------+------------------------------------------------------------------------------------------------------------+
| User Input Data             | Confidence | Details                                                | Action                                                                                                     |
+-----------------------------+------------+--------------------------------------------------------+------------------------------------------------------------------------------------------------------------+
| Design implementation state | High       | Design is routed                                       |                                                                                                            |
| Clock nodes activity        | High       | User specified more than 95% of clocks                 |                                                                                                            |
| I/O nodes activity          | Low        | More than 75% of inputs are missing user specification | Provide missing input activity with simulation results or by editing the "By Resource Type -> I/Os" view   |
| Internal nodes activity     | Medium     | User specified less than 25% of internal nodes         | Provide missing internal nodes activity with simulation results or by editing the "By Resource Type" views |
| Device models               | High       | Device models are Production                           |                                                                                                            |
|                             |            |                                                        |                                                                                                            |
| Overall confidence level    | Low        |                                                        |                                                                                                            |
+-----------------------------+------------+--------------------------------------------------------+------------------------------------------------------------------------------------------------------------+


2. Settings
-----------

2.1 Environment
---------------

+-----------------------+------------------------+
| Ambient Temp (C)      | 25.0                   |
| ThetaJA (C/W)         | 11.5                   |
| Airflow (LFM)         | 250                    |
| Heat Sink             | none                   |
| ThetaSA (C/W)         | 0.0                    |
| Board Selection       | medium (10"x10")       |
| # of Board Layers     | 8to11 (8 to 11 Layers) |
| Board Temperature (C) | 25.0                   |
+-----------------------+------------------------+


2.2 Clock Constraints
---------------------

+-----------------------------+---------------------------------------------------------------------+-----------------+
| Clock                       | Domain                                                              | Constraint (ns) |
+-----------------------------+---------------------------------------------------------------------+-----------------+
| adc_clk                     | adc_clk_p_i                                                         |             8.0 |
| adc_clk                     | system_i/DataAcquisition/axis_red_pitaya_adc_0/inst/adc_clk         |             8.0 |
| clk_fpga_0                  | system_i/PS7/processing_system7_0/inst/FCLK_CLK_unbuffered[0]       |             8.0 |
| clk_out1_system_clk_wiz_0_0 | system_i/SignalGenerator/clk_wiz_0/inst/clk_out1_system_clk_wiz_0_0 |             4.0 |
| clkfbout_system_clk_wiz_0_0 | system_i/SignalGenerator/clk_wiz_0/inst/clkfbout_system_clk_wiz_0_0 |             8.0 |
| rx_clk                      | daisy_p_i[1]                                                        |             4.0 |
+-----------------------------+---------------------------------------------------------------------+-----------------+


3. Detailed Reports
-------------------

3.1 By Hierarchy
----------------

+-----------------------------+-----------+
| Name                        | Power (W) |
+-----------------------------+-----------+
| system_wrapper              |     1.730 |
|   system_i                  |     1.538 |
|     DataAcquisition         |     0.012 |
|       inputCalibration_A    |     0.006 |
|       inputCalibration_B    |     0.006 |
|     PS7                     |     1.299 |
|       axi_cfg_register_0    |     0.007 |
|       processing_system7_0  |     1.284 |
|       ps7_0_axi_periph      |     0.007 |
|     SignalGenerator         |     0.121 |
|       axis_red_pitaya_dac_0 |     0.003 |
|       clk_wiz_0             |     0.107 |
|       outputCalibration_A   |     0.006 |
|       outputCalibration_b   |     0.005 |
|     biquadFilter_CHA        |     0.037 |
|       biquadFilter_0        |     0.034 |
|       gain_0                |     0.003 |
|     biquadFilter_CHB        |     0.038 |
|       biquadFilter_0        |     0.035 |
|       gain_0                |     0.003 |
|     necessaryStuff          |     0.031 |
|       util_ds_buf_2         |     0.030 |
+-----------------------------+-----------+


