Copyright 1986-2020 Xilinx, Inc. All Rights Reserved.
----------------------------------------------------------------------------------------------------------------------------------------------------------------
| Tool Version     : Vivado v.2020.1 (win64) Build 2902540 Wed May 27 19:54:49 MDT 2020
| Date             : Wed May 15 10:25:50 2024
| Host             : DESKTOP-40PU04J running 64-bit major release  (build 9200)
| Command          : report_power -file system_wrapper_power_routed.rpt -pb system_wrapper_power_summary_routed.pb -rpx system_wrapper_power_routed.rpx
| Design           : system_wrapper
| Device           : xc7z010clg400-1
| Design State     : routed
| Grade            : commercial
| Process          : typical
| Characterization : Production
----------------------------------------------------------------------------------------------------------------------------------------------------------------

Power Report

Table of Contents
-----------------
1. Summary
1.1 On-Chip Components
1.2 Power Supply Summary
1.3 Confidence Level
2. Settings
2.1 Environment
2.2 Clock Constraints
3. Detailed Reports
3.1 By Hierarchy

1. Summary
----------

+--------------------------+--------------+
| Total On-Chip Power (W)  | 1.915        |
| Design Power Budget (W)  | Unspecified* |
| Power Budget Margin (W)  | NA           |
| Dynamic (W)              | 1.784        |
| Device Static (W)        | 0.130        |
| Effective TJA (C/W)      | 11.5         |
| Max Ambient (C)          | 62.9         |
| Junction Temperature (C) | 47.1         |
| Confidence Level         | Medium       |
| Setting File             | ---          |
| Simulation Activity File | ---          |
| Design Nets Matched      | NA           |
+--------------------------+--------------+
* Specify Design Power Budget using, set_operating_conditions -design_power_budget <value in Watts>


1.1 On-Chip Components
----------------------

+-------------------------+-----------+----------+-----------+-----------------+
| On-Chip                 | Power (W) | Used     | Available | Utilization (%) |
+-------------------------+-----------+----------+-----------+-----------------+
| Clocks                  |     0.026 |        8 |       --- |             --- |
| Slice Logic             |     0.045 |     9314 |       --- |             --- |
|   LUT as Logic          |     0.037 |     3051 |     17600 |           17.34 |
|   Register              |     0.003 |     4451 |     35200 |           12.64 |
|   CARRY4                |     0.003 |      376 |      4400 |            8.55 |
|   F7/F8 Muxes           |     0.001 |      452 |     17600 |            2.57 |
|   LUT as Shift Register |    <0.001 |      129 |      6000 |            2.15 |
|   Others                |     0.000 |      291 |       --- |             --- |
| Signals                 |     0.056 |     8887 |       --- |             --- |
| MMCM                    |     0.107 |        1 |         2 |           50.00 |
| DSPs                    |     0.044 |       42 |        80 |           52.50 |
| I/O                     |     0.224 |       43 |       100 |           43.00 |
| PS7                     |     1.282 |        1 |       --- |             --- |
| Static Power            |     0.130 |          |           |                 |
| Total                   |     1.915 |          |           |                 |
+-------------------------+-----------+----------+-----------+-----------------+


1.2 Power Supply Summary
------------------------

+-----------+-------------+-----------+-------------+------------+-------------+-------------+------------+
| Source    | Voltage (V) | Total (A) | Dynamic (A) | Static (A) | Powerup (A) | Budget (A)  | Margin (A) |
+-----------+-------------+-----------+-------------+------------+-------------+-------------+------------+
| Vccint    |       1.000 |     0.183 |       0.175 |      0.008 |       NA    | Unspecified | NA         |
| Vccaux    |       1.800 |     0.075 |       0.067 |      0.009 |       NA    | Unspecified | NA         |
| Vcco33    |       3.300 |     0.057 |       0.056 |      0.001 |       NA    | Unspecified | NA         |
| Vcco25    |       2.500 |     0.000 |       0.000 |      0.000 |       NA    | Unspecified | NA         |
| Vcco18    |       1.800 |     0.013 |       0.012 |      0.001 |       NA    | Unspecified | NA         |
| Vcco15    |       1.500 |     0.000 |       0.000 |      0.000 |       NA    | Unspecified | NA         |
| Vcco135   |       1.350 |     0.000 |       0.000 |      0.000 |       NA    | Unspecified | NA         |
| Vcco12    |       1.200 |     0.000 |       0.000 |      0.000 |       NA    | Unspecified | NA         |
| Vccaux_io |       1.800 |     0.000 |       0.000 |      0.000 |       NA    | Unspecified | NA         |
| Vccbram   |       1.000 |     0.000 |       0.000 |      0.000 |       NA    | Unspecified | NA         |
| MGTAVcc   |       1.000 |     0.000 |       0.000 |      0.000 |       NA    | Unspecified | NA         |
| MGTAVtt   |       1.200 |     0.000 |       0.000 |      0.000 |       NA    | Unspecified | NA         |
| MGTVccaux |       1.800 |     0.000 |       0.000 |      0.000 |       NA    | Unspecified | NA         |
| Vccpint   |       1.000 |     0.701 |       0.669 |      0.033 |       NA    | Unspecified | NA         |
| Vccpaux   |       1.800 |     0.037 |       0.027 |      0.010 |       NA    | Unspecified | NA         |
| Vccpll    |       1.800 |     0.017 |       0.014 |      0.003 |       NA    | Unspecified | NA         |
| Vcco_ddr  |       1.500 |     0.356 |       0.354 |      0.002 |       NA    | Unspecified | NA         |
| Vcco_mio0 |       3.300 |     0.002 |       0.001 |      0.001 |       NA    | Unspecified | NA         |
| Vcco_mio1 |       2.500 |     0.003 |       0.002 |      0.001 |       NA    | Unspecified | NA         |
| Vccadc    |       1.800 |     0.020 |       0.000 |      0.020 |       NA    | Unspecified | NA         |
+-----------+-------------+-----------+-------------+------------+-------------+-------------+------------+


1.3 Confidence Level
--------------------

+-----------------------------+------------+-------------------------------------------------------+------------------------------------------------------------------------------------------------------------+
| User Input Data             | Confidence | Details                                               | Action                                                                                                     |
+-----------------------------+------------+-------------------------------------------------------+------------------------------------------------------------------------------------------------------------+
| Design implementation state | High       | Design is routed                                      |                                                                                                            |
| Clock nodes activity        | High       | User specified more than 95% of clocks                |                                                                                                            |
| I/O nodes activity          | Medium     | More than 5% of inputs are missing user specification | Provide missing input activity with simulation results or by editing the "By Resource Type -> I/Os" view   |
| Internal nodes activity     | Medium     | User specified less than 25% of internal nodes        | Provide missing internal nodes activity with simulation results or by editing the "By Resource Type" views |
| Device models               | High       | Device models are Production                          |                                                                                                            |
|                             |            |                                                       |                                                                                                            |
| Overall confidence level    | Medium     |                                                       |                                                                                                            |
+-----------------------------+------------+-------------------------------------------------------+------------------------------------------------------------------------------------------------------------+


2. Settings
-----------

2.1 Environment
---------------

+-----------------------+------------------------+
| Ambient Temp (C)      | 25.0                   |
| ThetaJA (C/W)         | 11.5                   |
| Airflow (LFM)         | 250                    |
| Heat Sink             | none                   |
| ThetaSA (C/W)         | 0.0                    |
| Board Selection       | medium (10"x10")       |
| # of Board Layers     | 8to11 (8 to 11 Layers) |
| Board Temperature (C) | 25.0                   |
+-----------------------+------------------------+


2.2 Clock Constraints
---------------------

+-----------------------------+---------------------------------------------------------------------+-----------------+
| Clock                       | Domain                                                              | Constraint (ns) |
+-----------------------------+---------------------------------------------------------------------+-----------------+
| adc_clk                     | adc_clk_p_i                                                         |             8.0 |
| adc_clk                     | system_i/DataAcquisition/axis_red_pitaya_adc_0/inst/adc_clk         |             8.0 |
| clk_fpga_0                  | system_i/PS7/processing_system7_0/inst/FCLK_CLK_unbuffered[0]       |             8.0 |
| clk_out1_system_clk_wiz_0_0 | system_i/SignalGenerator/clk_wiz_0/inst/clk_out1_system_clk_wiz_0_0 |             4.0 |
| clkfbout_system_clk_wiz_0_0 | system_i/SignalGenerator/clk_wiz_0/inst/clkfbout_system_clk_wiz_0_0 |             8.0 |
| rx_clk                      | daisy_p_i[1]                                                        |             4.0 |
+-----------------------------+---------------------------------------------------------------------+-----------------+


3. Detailed Reports
-------------------

3.1 By Hierarchy
----------------

+-----------------------------+-----------+
| Name                        | Power (W) |
+-----------------------------+-----------+
| system_wrapper              |     1.784 |
|   system_i                  |     1.592 |
|     AWGN                    |     0.112 |
|       ROM_fValues_0         |     0.004 |
|       ROM_gValues_0         |     0.013 |
|       addressSelector       |     0.009 |
|       addressSelector_1     |     0.009 |
|       addressSelector_2     |     0.009 |
|       addressSelector_3     |     0.009 |
|       boxMullerAdder_0      |     0.006 |
|       boxMullerMultiplier_0 |     0.011 |
|       boxMullerMultiplier_1 |     0.011 |
|       boxMullerMultiplier_2 |     0.011 |
|       boxMullerMultiplier_3 |     0.011 |
|       gainWhite_0           |     0.007 |
|     PS7                     |     1.298 |
|       axi_cfg_register_0    |     0.007 |
|       processing_system7_0  |     1.284 |
|       ps7_0_axi_periph      |     0.007 |
|     SignalGenerator         |     0.122 |
|       axis_red_pitaya_dac_0 |     0.003 |
|       clk_wiz_0             |     0.107 |
|       outputCalibration_A   |     0.006 |
|       outputCalibration_B   |     0.006 |
|     biquadFilter            |     0.030 |
|       biquadFilter_0        |     0.029 |
|     necessaryStuff          |     0.031 |
|       util_ds_buf_2         |     0.030 |
+-----------------------------+-----------+


