Copyright 1986-2020 Xilinx, Inc. All Rights Reserved.
-------------------------------------------------------------------------------------------
| Tool Version : Vivado v.2020.1 (win64) Build 2902540 Wed May 27 19:54:49 MDT 2020
| Date         : Wed May 15 10:23:27 2024
| Host         : DESKTOP-40PU04J running 64-bit major release  (build 9200)
| Command      : report_control_sets -verbose -file system_wrapper_control_sets_placed.rpt
| Design       : system_wrapper
| Device       : xc7z010
-------------------------------------------------------------------------------------------

Control Set Information

Table of Contents
-----------------
1. Summary
2. Histogram
3. Flip-Flop Distribution
4. Detailed Control Set Information

1. Summary
----------

+----------------------------------------------------------+-------+
|                          Status                          | Count |
+----------------------------------------------------------+-------+
| Total control sets                                       |   213 |
|    Minimum number of control sets                        |   213 |
|    Addition due to synthesis replication                 |     0 |
|    Addition due to physical synthesis replication        |     0 |
| Unused register locations in slices containing registers |   293 |
+----------------------------------------------------------+-------+
* Control sets can be merged at opt_design using control_set_merge or merge_equivalent_drivers
** Run report_qor_suggestions for automated merging and remapping suggestions


2. Histogram
------------

+--------------------+-------+
|       Fanout       | Count |
+--------------------+-------+
| Total control sets |   213 |
| >= 0 to < 4        |     1 |
| >= 4 to < 6        |    12 |
| >= 6 to < 8        |     6 |
| >= 8 to < 10       |   141 |
| >= 10 to < 12      |     3 |
| >= 12 to < 14      |     1 |
| >= 14 to < 16      |     7 |
| >= 16              |    42 |
+--------------------+-------+
* Control sets can be remapped at either synth_design or opt_design


3. Flip-Flop Distribution
-------------------------

+--------------+-----------------------+------------------------+-----------------+--------------+
| Clock Enable | Synchronous Set/Reset | Asynchronous Set/Reset | Total Registers | Total Slices |
+--------------+-----------------------+------------------------+-----------------+--------------+
| No           | No                    | No                     |             642 |          201 |
| No           | No                    | Yes                    |               4 |            3 |
| No           | Yes                   | No                     |              78 |           27 |
| Yes          | No                    | No                     |             901 |          235 |
| Yes          | No                    | Yes                    |               0 |            0 |
| Yes          | Yes                   | No                     |            2826 |          743 |
+--------------+-----------------------+------------------------+-----------------+--------------+


4. Detailed Control Set Information
-----------------------------------

+--------------------------------------------------------------+------------------------------------------------------------------------------------------------------------------------------------------------------------------+---------------------------------------------------------------------------------------------------------------------------------------+------------------+----------------+--------------+
|                         Clock Signal                         |                                                                           Enable Signal                                                                          |                                                            Set/Reset Signal                                                           | Slice Load Count | Bel Load Count | Bels / Slice |
+--------------------------------------------------------------+------------------------------------------------------------------------------------------------------------------------------------------------------------------+---------------------------------------------------------------------------------------------------------------------------------------+------------------+----------------+--------------+
|  system_i/PS7/processing_system7_0/inst/FCLK_CLK0            | system_i/PS7/ps7_0_axi_periph/s00_couplers/auto_pc/inst/gen_axilite.gen_b2s_conv.axilite_b2s/WR.b_channel_0/bid_fifo_0/bresp_push                                |                                                                                                                                       |                1 |              2 |         2.00 |
|  system_i/DataAcquisition/axis_red_pitaya_adc_0/inst/adc_clk |                                                                                                                                                                  | system_i/biquadFilter/biquadFilter_0/inst/FSM_onehot_PS[3]_i_1_n_0                                                                    |                3 |              4 |         1.33 |
|  system_i/PS7/processing_system7_0/inst/FCLK_CLK0            |                                                                                                                                                                  | system_i/PS7/ps7_0_axi_periph/s00_couplers/auto_pc/inst/gen_axilite.gen_b2s_conv.axilite_b2s/SI_REG/aw.aw_pipe/aresetn_d_reg[0]_0     |                3 |              4 |         1.33 |
|  system_i/DataAcquisition/axis_red_pitaya_adc_0/inst/adc_clk | system_i/AWGN/addressSelector_3/LF_LFSR_4bit_1/inst/state[0]                                                                                                     |                                                                                                                                       |                1 |              4 |         4.00 |
|  system_i/DataAcquisition/axis_red_pitaya_adc_0/inst/adc_clk | system_i/AWGN/addressSelector_3/LF_LFSR_8bit_0/inst/sel0[0]                                                                                                      |                                                                                                                                       |                1 |              4 |         4.00 |
|  system_i/DataAcquisition/axis_red_pitaya_adc_0/inst/adc_clk | system_i/AWGN/addressSelector_1/LF_LFSR_4bit_1/inst/state[0]                                                                                                     |                                                                                                                                       |                1 |              4 |         4.00 |
|  system_i/DataAcquisition/axis_red_pitaya_adc_0/inst/adc_clk | system_i/AWGN/addressSelector/LF_LFSR_4bit_0/inst/state[0]                                                                                                       |                                                                                                                                       |                1 |              4 |         4.00 |
|  system_i/DataAcquisition/axis_red_pitaya_adc_0/inst/adc_clk | system_i/AWGN/addressSelector/LF_LFSR_4bit_2/inst/state[0]                                                                                                       |                                                                                                                                       |                1 |              4 |         4.00 |
|  system_i/PS7/processing_system7_0/inst/FCLK_CLK0            |                                                                                                                                                                  | system_i/PS7/rst_ps7_0_125M/U0/EXT_LPF/lpf_int                                                                                        |                3 |              4 |         1.33 |
|  system_i/PS7/processing_system7_0/inst/FCLK_CLK0            |                                                                                                                                                                  | system_i/PS7/ps7_0_axi_periph/s00_couplers/auto_pc/inst/gen_axilite.gen_b2s_conv.axilite_b2s/SI_REG/ar.ar_pipe/aresetn_d_reg[1]_inv_0 |                3 |              4 |         1.33 |
|  system_i/DataAcquisition/axis_red_pitaya_adc_0/inst/adc_clk | system_i/AWGN/addressSelector_1/LF_LFSR_4bit_2/inst/state[0]                                                                                                     |                                                                                                                                       |                1 |              4 |         4.00 |
|  system_i/PS7/processing_system7_0/inst/FCLK_CLK0            | system_i/PS7/ps7_0_axi_periph/s00_couplers/auto_pc/inst/gen_axilite.gen_b2s_conv.axilite_b2s/RD.r_channel_0/transaction_fifo_0/cnt_read[4]_i_1__0_n_0            | system_i/PS7/ps7_0_axi_periph/s00_couplers/auto_pc/inst/gen_axilite.gen_b2s_conv.axilite_b2s/areset_d1                                |                1 |              5 |         5.00 |
|  system_i/PS7/processing_system7_0/inst/FCLK_CLK0            | system_i/PS7/ps7_0_axi_periph/s00_couplers/auto_pc/inst/gen_axilite.gen_b2s_conv.axilite_b2s/RD.r_channel_0/rd_data_fifo_0/cnt_read[4]_i_1_n_0                   | system_i/PS7/ps7_0_axi_periph/s00_couplers/auto_pc/inst/gen_axilite.gen_b2s_conv.axilite_b2s/areset_d1                                |                2 |              5 |         2.50 |
|  system_i/DataAcquisition/axis_red_pitaya_adc_0/inst/adc_clk | system_i/AWGN/addressSelector_2/LF_LFSR_4bit_1/inst/state[0]                                                                                                     |                                                                                                                                       |                1 |              6 |         6.00 |
|  system_i/DataAcquisition/axis_red_pitaya_adc_0/inst/adc_clk | system_i/AWGN/addressSelector/LF_LFSR_1bit_0/inst/sel0[0]                                                                                                        |                                                                                                                                       |                2 |              6 |         3.00 |
|  system_i/PS7/processing_system7_0/inst/FCLK_CLK0            | system_i/PS7/rst_ps7_0_125M/U0/SEQ/seq_cnt_en                                                                                                                    | system_i/PS7/rst_ps7_0_125M/U0/SEQ/SEQ_COUNTER/clear                                                                                  |                1 |              6 |         6.00 |
|  system_i/DataAcquisition/axis_red_pitaya_adc_0/inst/adc_clk | system_i/AWGN/addressSelector_3/LF_LFSR_1bit_0/inst/sel0[0]                                                                                                      |                                                                                                                                       |                1 |              6 |         6.00 |
|  system_i/DataAcquisition/axis_red_pitaya_adc_0/inst/adc_clk | system_i/AWGN/addressSelector_1/LF_LFSR_4bit_3/inst/state[0]                                                                                                     |                                                                                                                                       |                1 |              6 |         6.00 |
|  system_i/DataAcquisition/axis_red_pitaya_adc_0/inst/adc_clk | system_i/AWGN/addressSelector_1/LF_LFSR_4bit_0/inst/state[0]                                                                                                     |                                                                                                                                       |                1 |              6 |         6.00 |
|  system_i/PS7/processing_system7_0/inst/FCLK_CLK0            | system_i/PS7/axi_cfg_register_0/inst/CE021_out                                                                                                                   | system_i/PS7/axi_cfg_register_0/inst/p_4_in                                                                                           |                2 |              8 |         4.00 |
|  system_i/PS7/processing_system7_0/inst/FCLK_CLK0            | system_i/PS7/axi_cfg_register_0/inst/CE0223_out                                                                                                                  | system_i/PS7/axi_cfg_register_0/inst/p_4_in                                                                                           |                1 |              8 |         8.00 |
|  system_i/PS7/processing_system7_0/inst/FCLK_CLK0            | system_i/PS7/axi_cfg_register_0/inst/CE023_out                                                                                                                   | system_i/PS7/axi_cfg_register_0/inst/p_4_in                                                                                           |                2 |              8 |         4.00 |
|  system_i/PS7/processing_system7_0/inst/FCLK_CLK0            | system_i/PS7/axi_cfg_register_0/inst/CE0245_out                                                                                                                  | system_i/PS7/axi_cfg_register_0/inst/p_4_in                                                                                           |                2 |              8 |         4.00 |
|  system_i/DataAcquisition/axis_red_pitaya_adc_0/inst/adc_clk | system_i/AWGN/addressSelector/LF_LFSR_4bit_3/inst/state[0]                                                                                                       |                                                                                                                                       |                1 |              8 |         8.00 |
|  system_i/PS7/processing_system7_0/inst/FCLK_CLK0            | system_i/PS7/axi_cfg_register_0/inst/CE0203_out                                                                                                                  | system_i/PS7/axi_cfg_register_0/inst/p_4_in                                                                                           |                1 |              8 |         8.00 |
|  system_i/PS7/processing_system7_0/inst/FCLK_CLK0            | system_i/PS7/axi_cfg_register_0/inst/CE0249_out                                                                                                                  | system_i/PS7/axi_cfg_register_0/inst/p_4_in                                                                                           |                3 |              8 |         2.67 |
|  system_i/DataAcquisition/axis_red_pitaya_adc_0/inst/adc_clk | system_i/AWGN/addressSelector/LF_LFSR_8bit_0/inst/sel0[0]                                                                                                        |                                                                                                                                       |                1 |              8 |         8.00 |
|  system_i/PS7/processing_system7_0/inst/FCLK_CLK0            | system_i/PS7/axi_cfg_register_0/inst/CE0221_out                                                                                                                  | system_i/PS7/axi_cfg_register_0/inst/p_4_in                                                                                           |                1 |              8 |         8.00 |
|  system_i/PS7/processing_system7_0/inst/FCLK_CLK0            | system_i/PS7/axi_cfg_register_0/inst/CE0199_out                                                                                                                  | system_i/PS7/axi_cfg_register_0/inst/p_4_in                                                                                           |                4 |              8 |         2.00 |
|  system_i/DataAcquisition/axis_red_pitaya_adc_0/inst/adc_clk | system_i/AWGN/addressSelector/LF_LFSR_4bit_1/inst/state[0]                                                                                                       |                                                                                                                                       |                1 |              8 |         8.00 |
|  system_i/PS7/processing_system7_0/inst/FCLK_CLK0            | system_i/PS7/axi_cfg_register_0/inst/CE0219_out                                                                                                                  | system_i/PS7/axi_cfg_register_0/inst/p_4_in                                                                                           |                1 |              8 |         8.00 |
|  system_i/PS7/processing_system7_0/inst/FCLK_CLK0            | system_i/PS7/axi_cfg_register_0/inst/CE0243_out                                                                                                                  | system_i/PS7/axi_cfg_register_0/inst/p_4_in                                                                                           |                2 |              8 |         4.00 |
|  system_i/PS7/processing_system7_0/inst/FCLK_CLK0            | system_i/PS7/axi_cfg_register_0/inst/CE0253_out                                                                                                                  | system_i/PS7/axi_cfg_register_0/inst/p_4_in                                                                                           |                2 |              8 |         4.00 |
|  system_i/PS7/processing_system7_0/inst/FCLK_CLK0            | system_i/PS7/axi_cfg_register_0/inst/CE0189_out                                                                                                                  | system_i/PS7/axi_cfg_register_0/inst/p_4_in                                                                                           |                2 |              8 |         4.00 |
|  system_i/PS7/processing_system7_0/inst/FCLK_CLK0            | system_i/PS7/axi_cfg_register_0/inst/CE027_out                                                                                                                   | system_i/PS7/axi_cfg_register_0/inst/p_4_in                                                                                           |                1 |              8 |         8.00 |
|  system_i/PS7/processing_system7_0/inst/FCLK_CLK0            | system_i/PS7/axi_cfg_register_0/inst/CE0197_out                                                                                                                  | system_i/PS7/axi_cfg_register_0/inst/p_4_in                                                                                           |                4 |              8 |         2.00 |
|  system_i/PS7/processing_system7_0/inst/FCLK_CLK0            | system_i/PS7/axi_cfg_register_0/inst/CE033_out                                                                                                                   | system_i/PS7/axi_cfg_register_0/inst/p_4_in                                                                                           |                2 |              8 |         4.00 |
|  system_i/DataAcquisition/axis_red_pitaya_adc_0/inst/adc_clk | system_i/AWGN/addressSelector_1/LF_LFSR_8bit_0/inst/sel0[0]                                                                                                      |                                                                                                                                       |                1 |              8 |         8.00 |
|  system_i/PS7/processing_system7_0/inst/FCLK_CLK0            | system_i/PS7/axi_cfg_register_0/inst/CE031_out                                                                                                                   | system_i/PS7/axi_cfg_register_0/inst/p_4_in                                                                                           |                2 |              8 |         4.00 |
|  system_i/PS7/processing_system7_0/inst/FCLK_CLK0            | system_i/PS7/axi_cfg_register_0/inst/CE0177_out                                                                                                                  | system_i/PS7/axi_cfg_register_0/inst/p_4_in                                                                                           |                2 |              8 |         4.00 |
|  system_i/PS7/processing_system7_0/inst/FCLK_CLK0            | system_i/PS7/axi_cfg_register_0/inst/CE0195_out                                                                                                                  | system_i/PS7/axi_cfg_register_0/inst/p_4_in                                                                                           |                4 |              8 |         2.00 |
|  system_i/DataAcquisition/axis_red_pitaya_adc_0/inst/adc_clk | system_i/AWGN/addressSelector_2/LF_LFSR_4bit_0/inst/state[0]                                                                                                     |                                                                                                                                       |                2 |              8 |         4.00 |
|  system_i/PS7/processing_system7_0/inst/FCLK_CLK0            | system_i/PS7/axi_cfg_register_0/inst/CE0217_out                                                                                                                  | system_i/PS7/axi_cfg_register_0/inst/p_4_in                                                                                           |                2 |              8 |         4.00 |
|  system_i/PS7/processing_system7_0/inst/FCLK_CLK0            | system_i/PS7/axi_cfg_register_0/inst/CE071_out                                                                                                                   | system_i/PS7/axi_cfg_register_0/inst/p_4_in                                                                                           |                5 |              8 |         1.60 |
|  system_i/DataAcquisition/axis_red_pitaya_adc_0/inst/adc_clk | system_i/AWGN/addressSelector_2/LF_LFSR_4bit_3/inst/state[0]                                                                                                     |                                                                                                                                       |                1 |              8 |         8.00 |
|  system_i/PS7/processing_system7_0/inst/FCLK_CLK0            | system_i/PS7/axi_cfg_register_0/inst/CE089_out                                                                                                                   | system_i/PS7/axi_cfg_register_0/inst/p_4_in                                                                                           |                3 |              8 |         2.67 |
|  system_i/PS7/processing_system7_0/inst/FCLK_CLK0            | system_i/PS7/axi_cfg_register_0/inst/CE099_out                                                                                                                   | system_i/PS7/axi_cfg_register_0/inst/p_4_in                                                                                           |                2 |              8 |         4.00 |
|  system_i/PS7/processing_system7_0/inst/FCLK_CLK0            | system_i/PS7/axi_cfg_register_0/inst/CE091_out                                                                                                                   | system_i/PS7/axi_cfg_register_0/inst/p_4_in                                                                                           |                2 |              8 |         4.00 |
|  system_i/PS7/processing_system7_0/inst/FCLK_CLK0            | system_i/PS7/axi_cfg_register_0/inst/CE06_out                                                                                                                    | system_i/PS7/axi_cfg_register_0/inst/p_4_in                                                                                           |                4 |              8 |         2.00 |
|  system_i/DataAcquisition/axis_red_pitaya_adc_0/inst/adc_clk | system_i/AWGN/addressSelector_3/LF_LFSR_4bit_3/inst/state[0]                                                                                                     |                                                                                                                                       |                2 |              8 |         4.00 |
|  system_i/PS7/processing_system7_0/inst/FCLK_CLK0            | system_i/PS7/axi_cfg_register_0/inst/CE077_out                                                                                                                   | system_i/PS7/axi_cfg_register_0/inst/p_4_in                                                                                           |                2 |              8 |         4.00 |
|  system_i/PS7/processing_system7_0/inst/FCLK_CLK0            | system_i/PS7/axi_cfg_register_0/inst/CE097_out                                                                                                                   | system_i/PS7/axi_cfg_register_0/inst/p_4_in                                                                                           |                2 |              8 |         4.00 |
|  system_i/DataAcquisition/axis_red_pitaya_adc_0/inst/adc_clk | system_i/AWGN/addressSelector_3/LF_LFSR_4bit_0/inst/state[0]                                                                                                     |                                                                                                                                       |                2 |              8 |         4.00 |
|  system_i/PS7/processing_system7_0/inst/FCLK_CLK0            | system_i/PS7/axi_cfg_register_0/inst/CE069_out                                                                                                                   | system_i/PS7/axi_cfg_register_0/inst/p_4_in                                                                                           |                4 |              8 |         2.00 |
|  system_i/PS7/processing_system7_0/inst/FCLK_CLK0            | system_i/PS7/axi_cfg_register_0/inst/CE081_out                                                                                                                   | system_i/PS7/axi_cfg_register_0/inst/p_4_in                                                                                           |                2 |              8 |         4.00 |
|  system_i/PS7/processing_system7_0/inst/FCLK_CLK0            | system_i/PS7/axi_cfg_register_0/inst/CE083_out                                                                                                                   | system_i/PS7/axi_cfg_register_0/inst/p_4_in                                                                                           |                1 |              8 |         8.00 |
|  system_i/PS7/processing_system7_0/inst/FCLK_CLK0            | system_i/PS7/axi_cfg_register_0/inst/CE073_out                                                                                                                   | system_i/PS7/axi_cfg_register_0/inst/p_4_in                                                                                           |                3 |              8 |         2.67 |
|  system_i/PS7/processing_system7_0/inst/FCLK_CLK0            | system_i/PS7/axi_cfg_register_0/inst/CE085_out                                                                                                                   | system_i/PS7/axi_cfg_register_0/inst/p_4_in                                                                                           |                3 |              8 |         2.67 |
|  system_i/PS7/processing_system7_0/inst/FCLK_CLK0            | system_i/PS7/axi_cfg_register_0/inst/CE095_out                                                                                                                   | system_i/PS7/axi_cfg_register_0/inst/p_4_in                                                                                           |                1 |              8 |         8.00 |
|  system_i/PS7/processing_system7_0/inst/FCLK_CLK0            | system_i/PS7/axi_cfg_register_0/inst/CE09_out                                                                                                                    | system_i/PS7/axi_cfg_register_0/inst/p_4_in                                                                                           |                4 |              8 |         2.00 |
|  system_i/PS7/processing_system7_0/inst/FCLK_CLK0            | system_i/PS7/axi_cfg_register_0/inst/CE079_out                                                                                                                   | system_i/PS7/axi_cfg_register_0/inst/p_4_in                                                                                           |                3 |              8 |         2.67 |
|  system_i/PS7/processing_system7_0/inst/FCLK_CLK0            | system_i/PS7/axi_cfg_register_0/inst/CE075_out                                                                                                                   | system_i/PS7/axi_cfg_register_0/inst/p_4_in                                                                                           |                2 |              8 |         4.00 |
|  system_i/PS7/processing_system7_0/inst/FCLK_CLK0            | system_i/PS7/axi_cfg_register_0/inst/CE093_out                                                                                                                   | system_i/PS7/axi_cfg_register_0/inst/p_4_in                                                                                           |                1 |              8 |         8.00 |
|  system_i/PS7/processing_system7_0/inst/FCLK_CLK0            | system_i/PS7/axi_cfg_register_0/inst/WORDS[31].BITS[7].FDRE_inst_i_1_n_0                                                                                         | system_i/PS7/axi_cfg_register_0/inst/p_4_in                                                                                           |                4 |              8 |         2.00 |
|  system_i/PS7/processing_system7_0/inst/FCLK_CLK0            | system_i/PS7/ps7_0_axi_periph/s00_couplers/auto_pc/inst/gen_axilite.gen_b2s_conv.axilite_b2s/RD.ar_channel_0/ar_cmd_fsm_0/E[0]                                   |                                                                                                                                       |                5 |              8 |         1.60 |
|  system_i/PS7/processing_system7_0/inst/FCLK_CLK0            | system_i/PS7/ps7_0_axi_periph/s00_couplers/auto_pc/inst/gen_axilite.gen_b2s_conv.axilite_b2s/RD.ar_channel_0/ar_cmd_fsm_0/sel_first_reg[0]                       |                                                                                                                                       |                2 |              8 |         4.00 |
|  system_i/PS7/processing_system7_0/inst/FCLK_CLK0            | system_i/PS7/ps7_0_axi_periph/s00_couplers/auto_pc/inst/gen_axilite.gen_b2s_conv.axilite_b2s/WR.b_channel_0/mhandshake_r                                         | system_i/PS7/ps7_0_axi_periph/s00_couplers/auto_pc/inst/gen_axilite.gen_b2s_conv.axilite_b2s/WR.b_channel_0/bid_fifo_0/SR[0]          |                2 |              8 |         4.00 |
|  system_i/PS7/processing_system7_0/inst/FCLK_CLK0            | system_i/PS7/ps7_0_axi_periph/s00_couplers/auto_pc/inst/gen_axilite.gen_b2s_conv.axilite_b2s/WR.aw_channel_0/aw_cmd_fsm_0/FSM_sequential_state_reg[1]_0[0]       |                                                                                                                                       |                3 |              8 |         2.67 |
|  system_i/PS7/processing_system7_0/inst/FCLK_CLK0            | system_i/PS7/ps7_0_axi_periph/s00_couplers/auto_pc/inst/gen_axilite.gen_b2s_conv.axilite_b2s/WR.aw_channel_0/cmd_translator_0/incr_cmd_0/axaddr_incr[11]_i_1_n_0 |                                                                                                                                       |                2 |              8 |         4.00 |
|  system_i/PS7/processing_system7_0/inst/FCLK_CLK0            | system_i/PS7/axi_cfg_register_0/inst/CE0103_out                                                                                                                  | system_i/PS7/axi_cfg_register_0/inst/p_4_in                                                                                           |                2 |              8 |         4.00 |
|  system_i/PS7/processing_system7_0/inst/FCLK_CLK0            | system_i/PS7/axi_cfg_register_0/inst/CE0123_out                                                                                                                  | system_i/PS7/axi_cfg_register_0/inst/p_4_in                                                                                           |                1 |              8 |         8.00 |
|  system_i/PS7/processing_system7_0/inst/FCLK_CLK0            | system_i/PS7/axi_cfg_register_0/inst/CE0125_out                                                                                                                  | system_i/PS7/axi_cfg_register_0/inst/p_4_in                                                                                           |                2 |              8 |         4.00 |
|  system_i/PS7/processing_system7_0/inst/FCLK_CLK0            | system_i/PS7/axi_cfg_register_0/inst/CE0139_out                                                                                                                  | system_i/PS7/axi_cfg_register_0/inst/p_4_in                                                                                           |                4 |              8 |         2.00 |
|  system_i/PS7/processing_system7_0/inst/FCLK_CLK0            | system_i/PS7/axi_cfg_register_0/inst/CE0167_out                                                                                                                  | system_i/PS7/axi_cfg_register_0/inst/p_4_in                                                                                           |                2 |              8 |         4.00 |
|  system_i/PS7/processing_system7_0/inst/FCLK_CLK0            | system_i/PS7/axi_cfg_register_0/inst/CE0105_out                                                                                                                  | system_i/PS7/axi_cfg_register_0/inst/p_4_in                                                                                           |                1 |              8 |         8.00 |
|  system_i/PS7/processing_system7_0/inst/FCLK_CLK0            | system_i/PS7/axi_cfg_register_0/inst/CE0151_out                                                                                                                  | system_i/PS7/axi_cfg_register_0/inst/p_4_in                                                                                           |                3 |              8 |         2.67 |
|  system_i/PS7/processing_system7_0/inst/FCLK_CLK0            | system_i/PS7/axi_cfg_register_0/inst/CE0171_out                                                                                                                  | system_i/PS7/axi_cfg_register_0/inst/p_4_in                                                                                           |                3 |              8 |         2.67 |
|  system_i/PS7/processing_system7_0/inst/FCLK_CLK0            | system_i/PS7/axi_cfg_register_0/inst/CE0129_out                                                                                                                  | system_i/PS7/axi_cfg_register_0/inst/p_4_in                                                                                           |                2 |              8 |         4.00 |
|  system_i/PS7/processing_system7_0/inst/FCLK_CLK0            | system_i/PS7/axi_cfg_register_0/inst/CE0111_out                                                                                                                  | system_i/PS7/axi_cfg_register_0/inst/p_4_in                                                                                           |                2 |              8 |         4.00 |
|  system_i/PS7/processing_system7_0/inst/FCLK_CLK0            | system_i/PS7/axi_cfg_register_0/inst/CE0137_out                                                                                                                  | system_i/PS7/axi_cfg_register_0/inst/p_4_in                                                                                           |                3 |              8 |         2.67 |
|  system_i/PS7/processing_system7_0/inst/FCLK_CLK0            | system_i/PS7/axi_cfg_register_0/inst/CE011_out                                                                                                                   | system_i/PS7/axi_cfg_register_0/inst/p_4_in                                                                                           |                3 |              8 |         2.67 |
|  system_i/PS7/processing_system7_0/inst/FCLK_CLK0            | system_i/PS7/axi_cfg_register_0/inst/CE013_out                                                                                                                   | system_i/PS7/axi_cfg_register_0/inst/p_4_in                                                                                           |                3 |              8 |         2.67 |
|  system_i/PS7/processing_system7_0/inst/FCLK_CLK0            | system_i/PS7/axi_cfg_register_0/inst/CE0113_out                                                                                                                  | system_i/PS7/axi_cfg_register_0/inst/p_4_in                                                                                           |                1 |              8 |         8.00 |
|  system_i/PS7/processing_system7_0/inst/FCLK_CLK0            | system_i/PS7/axi_cfg_register_0/inst/CE0145_out                                                                                                                  | system_i/PS7/axi_cfg_register_0/inst/p_4_in                                                                                           |                2 |              8 |         4.00 |
|  system_i/PS7/processing_system7_0/inst/FCLK_CLK0            | system_i/PS7/axi_cfg_register_0/inst/CE0147_out                                                                                                                  | system_i/PS7/axi_cfg_register_0/inst/p_4_in                                                                                           |                1 |              8 |         8.00 |
|  system_i/PS7/processing_system7_0/inst/FCLK_CLK0            | system_i/PS7/axi_cfg_register_0/inst/CE0101_out                                                                                                                  | system_i/PS7/axi_cfg_register_0/inst/p_4_in                                                                                           |                2 |              8 |         4.00 |
|  system_i/PS7/processing_system7_0/inst/FCLK_CLK0            | system_i/PS7/axi_cfg_register_0/inst/CE0107_out                                                                                                                  | system_i/PS7/axi_cfg_register_0/inst/p_4_in                                                                                           |                2 |              8 |         4.00 |
|  system_i/PS7/processing_system7_0/inst/FCLK_CLK0            | system_i/PS7/axi_cfg_register_0/inst/CE0121_out                                                                                                                  | system_i/PS7/axi_cfg_register_0/inst/p_4_in                                                                                           |                2 |              8 |         4.00 |
|  system_i/PS7/processing_system7_0/inst/FCLK_CLK0            | system_i/PS7/axi_cfg_register_0/inst/CE0131_out                                                                                                                  | system_i/PS7/axi_cfg_register_0/inst/p_4_in                                                                                           |                4 |              8 |         2.00 |
|  system_i/PS7/processing_system7_0/inst/FCLK_CLK0            | system_i/PS7/axi_cfg_register_0/inst/CE0141_out                                                                                                                  | system_i/PS7/axi_cfg_register_0/inst/p_4_in                                                                                           |                2 |              8 |         4.00 |
|  system_i/PS7/processing_system7_0/inst/FCLK_CLK0            | system_i/PS7/axi_cfg_register_0/inst/CE0149_out                                                                                                                  | system_i/PS7/axi_cfg_register_0/inst/p_4_in                                                                                           |                1 |              8 |         8.00 |
|  system_i/PS7/processing_system7_0/inst/FCLK_CLK0            | system_i/PS7/axi_cfg_register_0/inst/CE0153_out                                                                                                                  | system_i/PS7/axi_cfg_register_0/inst/p_4_in                                                                                           |                2 |              8 |         4.00 |
|  system_i/PS7/processing_system7_0/inst/FCLK_CLK0            | system_i/PS7/axi_cfg_register_0/inst/CE0109_out                                                                                                                  | system_i/PS7/axi_cfg_register_0/inst/p_4_in                                                                                           |                1 |              8 |         8.00 |
|  system_i/PS7/processing_system7_0/inst/FCLK_CLK0            | system_i/PS7/axi_cfg_register_0/inst/CE0159_out                                                                                                                  | system_i/PS7/axi_cfg_register_0/inst/p_4_in                                                                                           |                3 |              8 |         2.67 |
|  system_i/PS7/processing_system7_0/inst/FCLK_CLK0            | system_i/PS7/axi_cfg_register_0/inst/CE015_out                                                                                                                   | system_i/PS7/axi_cfg_register_0/inst/p_4_in                                                                                           |                2 |              8 |         4.00 |
|  system_i/PS7/processing_system7_0/inst/FCLK_CLK0            | system_i/PS7/axi_cfg_register_0/inst/CE0119_out                                                                                                                  | system_i/PS7/axi_cfg_register_0/inst/p_4_in                                                                                           |                1 |              8 |         8.00 |
|  system_i/PS7/processing_system7_0/inst/FCLK_CLK0            | system_i/PS7/axi_cfg_register_0/inst/CE0161_out                                                                                                                  | system_i/PS7/axi_cfg_register_0/inst/p_4_in                                                                                           |                2 |              8 |         4.00 |
|  system_i/PS7/processing_system7_0/inst/FCLK_CLK0            | system_i/PS7/axi_cfg_register_0/inst/CE0115_out                                                                                                                  | system_i/PS7/axi_cfg_register_0/inst/p_4_in                                                                                           |                1 |              8 |         8.00 |
|  system_i/PS7/processing_system7_0/inst/FCLK_CLK0            | system_i/PS7/axi_cfg_register_0/inst/CE0165_out                                                                                                                  | system_i/PS7/axi_cfg_register_0/inst/p_4_in                                                                                           |                2 |              8 |         4.00 |
|  system_i/PS7/processing_system7_0/inst/FCLK_CLK0            | system_i/PS7/axi_cfg_register_0/inst/CE0169_out                                                                                                                  | system_i/PS7/axi_cfg_register_0/inst/p_4_in                                                                                           |                2 |              8 |         4.00 |
|  system_i/PS7/processing_system7_0/inst/FCLK_CLK0            | system_i/PS7/axi_cfg_register_0/inst/CE0135_out                                                                                                                  | system_i/PS7/axi_cfg_register_0/inst/p_4_in                                                                                           |                1 |              8 |         8.00 |
|  system_i/PS7/processing_system7_0/inst/FCLK_CLK0            | system_i/PS7/axi_cfg_register_0/inst/CE0157_out                                                                                                                  | system_i/PS7/axi_cfg_register_0/inst/p_4_in                                                                                           |                3 |              8 |         2.67 |
|  system_i/PS7/processing_system7_0/inst/FCLK_CLK0            | system_i/PS7/axi_cfg_register_0/inst/CE0163_out                                                                                                                  | system_i/PS7/axi_cfg_register_0/inst/p_4_in                                                                                           |                2 |              8 |         4.00 |
|  system_i/PS7/processing_system7_0/inst/FCLK_CLK0            | system_i/PS7/axi_cfg_register_0/inst/CE0173_out                                                                                                                  | system_i/PS7/axi_cfg_register_0/inst/p_4_in                                                                                           |                3 |              8 |         2.67 |
|  system_i/PS7/processing_system7_0/inst/FCLK_CLK0            | system_i/PS7/axi_cfg_register_0/inst/CE0175_out                                                                                                                  | system_i/PS7/axi_cfg_register_0/inst/p_4_in                                                                                           |                2 |              8 |         4.00 |
|  system_i/PS7/processing_system7_0/inst/FCLK_CLK0            | system_i/PS7/axi_cfg_register_0/inst/CE0117_out                                                                                                                  | system_i/PS7/axi_cfg_register_0/inst/p_4_in                                                                                           |                4 |              8 |         2.00 |
|  system_i/PS7/processing_system7_0/inst/FCLK_CLK0            | system_i/PS7/axi_cfg_register_0/inst/CE087_out                                                                                                                   | system_i/PS7/axi_cfg_register_0/inst/p_4_in                                                                                           |                2 |              8 |         4.00 |
|  system_i/PS7/processing_system7_0/inst/FCLK_CLK0            | system_i/PS7/axi_cfg_register_0/inst/CE0133_out                                                                                                                  | system_i/PS7/axi_cfg_register_0/inst/p_4_in                                                                                           |                2 |              8 |         4.00 |
|  system_i/PS7/processing_system7_0/inst/FCLK_CLK0            | system_i/PS7/axi_cfg_register_0/inst/CE0179_out                                                                                                                  | system_i/PS7/axi_cfg_register_0/inst/p_4_in                                                                                           |                4 |              8 |         2.00 |
|  system_i/PS7/processing_system7_0/inst/FCLK_CLK0            | system_i/PS7/axi_cfg_register_0/inst/CE017_out                                                                                                                   | system_i/PS7/axi_cfg_register_0/inst/p_4_in                                                                                           |                2 |              8 |         4.00 |
|  system_i/PS7/processing_system7_0/inst/FCLK_CLK0            | system_i/PS7/axi_cfg_register_0/inst/CE0155_out                                                                                                                  | system_i/PS7/axi_cfg_register_0/inst/p_4_in                                                                                           |                1 |              8 |         8.00 |
|  system_i/PS7/processing_system7_0/inst/FCLK_CLK0            | system_i/PS7/axi_cfg_register_0/inst/CE0                                                                                                                         | system_i/PS7/axi_cfg_register_0/inst/p_4_in                                                                                           |                3 |              8 |         2.67 |
|  system_i/PS7/processing_system7_0/inst/FCLK_CLK0            | system_i/PS7/axi_cfg_register_0/inst/CE0127_out                                                                                                                  | system_i/PS7/axi_cfg_register_0/inst/p_4_in                                                                                           |                2 |              8 |         4.00 |
|  system_i/PS7/processing_system7_0/inst/FCLK_CLK0            | system_i/PS7/axi_cfg_register_0/inst/CE0143_out                                                                                                                  | system_i/PS7/axi_cfg_register_0/inst/p_4_in                                                                                           |                1 |              8 |         8.00 |
|  system_i/PS7/processing_system7_0/inst/FCLK_CLK0            | system_i/PS7/axi_cfg_register_0/inst/CE0247_out                                                                                                                  | system_i/PS7/axi_cfg_register_0/inst/p_4_in                                                                                           |                2 |              8 |         4.00 |
|  system_i/PS7/processing_system7_0/inst/FCLK_CLK0            | system_i/PS7/axi_cfg_register_0/inst/CE035_out                                                                                                                   | system_i/PS7/axi_cfg_register_0/inst/p_4_in                                                                                           |                1 |              8 |         8.00 |
|  system_i/PS7/processing_system7_0/inst/FCLK_CLK0            | system_i/PS7/axi_cfg_register_0/inst/CE039_out                                                                                                                   | system_i/PS7/axi_cfg_register_0/inst/p_4_in                                                                                           |                1 |              8 |         8.00 |
|  system_i/PS7/processing_system7_0/inst/FCLK_CLK0            | system_i/PS7/axi_cfg_register_0/inst/CE0207_out                                                                                                                  | system_i/PS7/axi_cfg_register_0/inst/p_4_in                                                                                           |                3 |              8 |         2.67 |
|  system_i/PS7/processing_system7_0/inst/FCLK_CLK0            | system_i/PS7/axi_cfg_register_0/inst/CE0227_out                                                                                                                  | system_i/PS7/axi_cfg_register_0/inst/p_4_in                                                                                           |                1 |              8 |         8.00 |
|  system_i/PS7/processing_system7_0/inst/FCLK_CLK0            | system_i/PS7/axi_cfg_register_0/inst/CE041_out                                                                                                                   | system_i/PS7/axi_cfg_register_0/inst/p_4_in                                                                                           |                2 |              8 |         4.00 |
|  system_i/PS7/processing_system7_0/inst/FCLK_CLK0            | system_i/PS7/axi_cfg_register_0/inst/CE045_out                                                                                                                   | system_i/PS7/axi_cfg_register_0/inst/p_4_in                                                                                           |                1 |              8 |         8.00 |
|  system_i/PS7/processing_system7_0/inst/FCLK_CLK0            | system_i/PS7/axi_cfg_register_0/inst/CE047_out                                                                                                                   | system_i/PS7/axi_cfg_register_0/inst/p_4_in                                                                                           |                2 |              8 |         4.00 |
|  system_i/PS7/processing_system7_0/inst/FCLK_CLK0            | system_i/PS7/axi_cfg_register_0/inst/CE059_out                                                                                                                   | system_i/PS7/axi_cfg_register_0/inst/p_4_in                                                                                           |                1 |              8 |         8.00 |
|  system_i/PS7/processing_system7_0/inst/FCLK_CLK0            | system_i/PS7/axi_cfg_register_0/inst/CE061_out                                                                                                                   | system_i/PS7/axi_cfg_register_0/inst/p_4_in                                                                                           |                2 |              8 |         4.00 |
|  system_i/PS7/processing_system7_0/inst/FCLK_CLK0            | system_i/PS7/axi_cfg_register_0/inst/CE0239_out                                                                                                                  | system_i/PS7/axi_cfg_register_0/inst/p_4_in                                                                                           |                1 |              8 |         8.00 |
|  system_i/PS7/processing_system7_0/inst/FCLK_CLK0            | system_i/PS7/axi_cfg_register_0/inst/CE03_out                                                                                                                    | system_i/PS7/axi_cfg_register_0/inst/p_4_in                                                                                           |                4 |              8 |         2.00 |
|  system_i/PS7/processing_system7_0/inst/FCLK_CLK0            | system_i/PS7/axi_cfg_register_0/inst/CE051_out                                                                                                                   | system_i/PS7/axi_cfg_register_0/inst/p_4_in                                                                                           |                2 |              8 |         4.00 |
|  system_i/PS7/processing_system7_0/inst/FCLK_CLK0            | system_i/PS7/axi_cfg_register_0/inst/CE029_out                                                                                                                   | system_i/PS7/axi_cfg_register_0/inst/p_4_in                                                                                           |                2 |              8 |         4.00 |
|  system_i/PS7/processing_system7_0/inst/FCLK_CLK0            | system_i/PS7/axi_cfg_register_0/inst/CE0215_out                                                                                                                  | system_i/PS7/axi_cfg_register_0/inst/p_4_in                                                                                           |                1 |              8 |         8.00 |
|  system_i/PS7/processing_system7_0/inst/FCLK_CLK0            | system_i/PS7/axi_cfg_register_0/inst/CE037_out                                                                                                                   | system_i/PS7/axi_cfg_register_0/inst/p_4_in                                                                                           |                1 |              8 |         8.00 |
|  system_i/PS7/processing_system7_0/inst/FCLK_CLK0            | system_i/PS7/axi_cfg_register_0/inst/CE0191_out                                                                                                                  | system_i/PS7/axi_cfg_register_0/inst/p_4_in                                                                                           |                3 |              8 |         2.67 |
|  system_i/PS7/processing_system7_0/inst/FCLK_CLK0            | system_i/PS7/axi_cfg_register_0/inst/CE0211_out                                                                                                                  | system_i/PS7/axi_cfg_register_0/inst/p_4_in                                                                                           |                2 |              8 |         4.00 |
|  system_i/PS7/processing_system7_0/inst/FCLK_CLK0            | system_i/PS7/axi_cfg_register_0/inst/CE0201_out                                                                                                                  | system_i/PS7/axi_cfg_register_0/inst/p_4_in                                                                                           |                4 |              8 |         2.00 |
|  system_i/PS7/processing_system7_0/inst/FCLK_CLK0            | system_i/PS7/axi_cfg_register_0/inst/CE0183_out                                                                                                                  | system_i/PS7/axi_cfg_register_0/inst/p_4_in                                                                                           |                3 |              8 |         2.67 |
|  system_i/PS7/processing_system7_0/inst/FCLK_CLK0            | system_i/PS7/axi_cfg_register_0/inst/CE0205_out                                                                                                                  | system_i/PS7/axi_cfg_register_0/inst/p_4_in                                                                                           |                2 |              8 |         4.00 |
|  system_i/PS7/processing_system7_0/inst/FCLK_CLK0            | system_i/PS7/axi_cfg_register_0/inst/CE0225_out                                                                                                                  | system_i/PS7/axi_cfg_register_0/inst/p_4_in                                                                                           |                3 |              8 |         2.67 |
|  system_i/PS7/processing_system7_0/inst/FCLK_CLK0            | system_i/PS7/axi_cfg_register_0/inst/CE0233_out                                                                                                                  | system_i/PS7/axi_cfg_register_0/inst/p_4_in                                                                                           |                1 |              8 |         8.00 |
|  system_i/PS7/processing_system7_0/inst/FCLK_CLK0            | system_i/PS7/axi_cfg_register_0/inst/CE0235_out                                                                                                                  | system_i/PS7/axi_cfg_register_0/inst/p_4_in                                                                                           |                2 |              8 |         4.00 |
|  system_i/PS7/processing_system7_0/inst/FCLK_CLK0            | system_i/PS7/axi_cfg_register_0/inst/CE0237_out                                                                                                                  | system_i/PS7/axi_cfg_register_0/inst/p_4_in                                                                                           |                2 |              8 |         4.00 |
|  system_i/PS7/processing_system7_0/inst/FCLK_CLK0            | system_i/PS7/axi_cfg_register_0/inst/CE0213_out                                                                                                                  | system_i/PS7/axi_cfg_register_0/inst/p_4_in                                                                                           |                1 |              8 |         8.00 |
|  system_i/PS7/processing_system7_0/inst/FCLK_CLK0            | system_i/PS7/axi_cfg_register_0/inst/CE0241_out                                                                                                                  | system_i/PS7/axi_cfg_register_0/inst/p_4_in                                                                                           |                1 |              8 |         8.00 |
|  system_i/PS7/processing_system7_0/inst/FCLK_CLK0            | system_i/PS7/axi_cfg_register_0/inst/CE0255_out                                                                                                                  | system_i/PS7/axi_cfg_register_0/inst/p_4_in                                                                                           |                3 |              8 |         2.67 |
|  system_i/PS7/processing_system7_0/inst/FCLK_CLK0            | system_i/PS7/axi_cfg_register_0/inst/CE0231_out                                                                                                                  | system_i/PS7/axi_cfg_register_0/inst/p_4_in                                                                                           |                1 |              8 |         8.00 |
|  system_i/PS7/processing_system7_0/inst/FCLK_CLK0            | system_i/PS7/axi_cfg_register_0/inst/CE043_out                                                                                                                   | system_i/PS7/axi_cfg_register_0/inst/p_4_in                                                                                           |                2 |              8 |         4.00 |
|  system_i/PS7/processing_system7_0/inst/FCLK_CLK0            | system_i/PS7/axi_cfg_register_0/inst/CE0251_out                                                                                                                  | system_i/PS7/axi_cfg_register_0/inst/p_4_in                                                                                           |                2 |              8 |         4.00 |
|  system_i/PS7/processing_system7_0/inst/FCLK_CLK0            | system_i/PS7/axi_cfg_register_0/inst/CE0181_out                                                                                                                  | system_i/PS7/axi_cfg_register_0/inst/p_4_in                                                                                           |                3 |              8 |         2.67 |
|  system_i/PS7/processing_system7_0/inst/FCLK_CLK0            | system_i/PS7/axi_cfg_register_0/inst/CE0187_out                                                                                                                  | system_i/PS7/axi_cfg_register_0/inst/p_4_in                                                                                           |                3 |              8 |         2.67 |
|  system_i/PS7/processing_system7_0/inst/FCLK_CLK0            | system_i/PS7/axi_cfg_register_0/inst/CE0229_out                                                                                                                  | system_i/PS7/axi_cfg_register_0/inst/p_4_in                                                                                           |                1 |              8 |         8.00 |
|  system_i/PS7/processing_system7_0/inst/FCLK_CLK0            | system_i/PS7/axi_cfg_register_0/inst/CE025_out                                                                                                                   | system_i/PS7/axi_cfg_register_0/inst/p_4_in                                                                                           |                2 |              8 |         4.00 |
|  system_i/PS7/processing_system7_0/inst/FCLK_CLK0            | system_i/PS7/axi_cfg_register_0/inst/CE049_out                                                                                                                   | system_i/PS7/axi_cfg_register_0/inst/p_4_in                                                                                           |                2 |              8 |         4.00 |
|  system_i/PS7/processing_system7_0/inst/FCLK_CLK0            | system_i/PS7/axi_cfg_register_0/inst/CE053_out                                                                                                                   | system_i/PS7/axi_cfg_register_0/inst/p_4_in                                                                                           |                2 |              8 |         4.00 |
|  system_i/PS7/processing_system7_0/inst/FCLK_CLK0            | system_i/PS7/axi_cfg_register_0/inst/CE055_out                                                                                                                   | system_i/PS7/axi_cfg_register_0/inst/p_4_in                                                                                           |                3 |              8 |         2.67 |
|  system_i/PS7/processing_system7_0/inst/FCLK_CLK0            | system_i/PS7/axi_cfg_register_0/inst/CE057_out                                                                                                                   | system_i/PS7/axi_cfg_register_0/inst/p_4_in                                                                                           |                1 |              8 |         8.00 |
|  system_i/PS7/processing_system7_0/inst/FCLK_CLK0            | system_i/PS7/axi_cfg_register_0/inst/CE063_out                                                                                                                   | system_i/PS7/axi_cfg_register_0/inst/p_4_in                                                                                           |                1 |              8 |         8.00 |
|  system_i/PS7/processing_system7_0/inst/FCLK_CLK0            | system_i/PS7/axi_cfg_register_0/inst/CE065_out                                                                                                                   | system_i/PS7/axi_cfg_register_0/inst/p_4_in                                                                                           |                1 |              8 |         8.00 |
|  system_i/PS7/processing_system7_0/inst/FCLK_CLK0            | system_i/PS7/axi_cfg_register_0/inst/CE0193_out                                                                                                                  | system_i/PS7/axi_cfg_register_0/inst/p_4_in                                                                                           |                1 |              8 |         8.00 |
|  system_i/PS7/processing_system7_0/inst/FCLK_CLK0            | system_i/PS7/axi_cfg_register_0/inst/CE0185_out                                                                                                                  | system_i/PS7/axi_cfg_register_0/inst/p_4_in                                                                                           |                5 |              8 |         1.60 |
|  system_i/PS7/processing_system7_0/inst/FCLK_CLK0            | system_i/PS7/axi_cfg_register_0/inst/CE067_out                                                                                                                   | system_i/PS7/axi_cfg_register_0/inst/p_4_in                                                                                           |                4 |              8 |         2.00 |
|  system_i/PS7/processing_system7_0/inst/FCLK_CLK0            | system_i/PS7/axi_cfg_register_0/inst/CE019_out                                                                                                                   | system_i/PS7/axi_cfg_register_0/inst/p_4_in                                                                                           |                2 |              8 |         4.00 |
|  system_i/PS7/processing_system7_0/inst/FCLK_CLK0            | system_i/PS7/axi_cfg_register_0/inst/CE0209_out                                                                                                                  | system_i/PS7/axi_cfg_register_0/inst/p_4_in                                                                                           |                3 |              8 |         2.67 |
|  system_i/DataAcquisition/axis_red_pitaya_adc_0/inst/adc_clk | system_i/AWGN/addressSelector_3/LF_LFSR_4bit_2/inst/state[0]                                                                                                     |                                                                                                                                       |                2 |             10 |         5.00 |
|  system_i/DataAcquisition/axis_red_pitaya_adc_0/inst/adc_clk | system_i/AWGN/addressSelector_2/LF_LFSR_4bit_2/inst/state[0]                                                                                                     |                                                                                                                                       |                2 |             10 |         5.00 |
|  system_i/PS7/processing_system7_0/inst/FCLK_CLK0            |                                                                                                                                                                  | system_i/PS7/ps7_0_axi_periph/s00_couplers/auto_pc/inst/gen_axilite.gen_b2s_conv.axilite_b2s/areset_d1                                |                3 |             10 |         3.33 |
|  system_i/PS7/processing_system7_0/inst/FCLK_CLK0            | system_i/PS7/ps7_0_axi_periph/s00_couplers/auto_pc/inst/gen_axilite.gen_b2s_conv.axilite_b2s/RD.r_channel_0/r_push_r                                             |                                                                                                                                       |                4 |             13 |         3.25 |
|  system_i/DataAcquisition/axis_red_pitaya_adc_0/inst/adc_clk | system_i/biquadFilter/biquadFilter_0/inst/FSM_onehot_PS_reg_n_0_[3]                                                                                              |                                                                                                                                       |                3 |             14 |         4.67 |
|  system_i/DataAcquisition/axis_red_pitaya_adc_0/inst/adc_clk |                                                                                                                                                                  | system_i/SignalGenerator/outputCalibration_A/inst/result                                                                              |                3 |             14 |         4.67 |
|  system_i/DataAcquisition/axis_red_pitaya_adc_0/inst/adc_clk |                                                                                                                                                                  | system_i/SignalGenerator/outputCalibration_B/inst/result                                                                              |                3 |             14 |         4.67 |
|  system_i/PS7/processing_system7_0/inst/FCLK_CLK0            | system_i/PS7/ps7_0_axi_periph/s00_couplers/auto_pc/inst/gen_axilite.gen_b2s_conv.axilite_b2s/SI_REG/b.b_pipe/p_1_in                                              |                                                                                                                                       |                3 |             14 |         4.67 |
|  system_i/DataAcquisition/axis_red_pitaya_adc_0/inst/adc_clk | system_i/biquadFilter/decimator_0/inst/output_o[13]_i_1_n_0                                                                                                      |                                                                                                                                       |                4 |             14 |         3.50 |
|  system_i/DataAcquisition/axis_red_pitaya_adc_0/inst/adc_clk | system_i/biquadFilter/biquadFilter_0/inst/input0_sf                                                                                                              |                                                                                                                                       |                5 |             14 |         2.80 |
|  system_i/PS7/processing_system7_0/inst/FCLK_CLK0            | system_i/PS7/ps7_0_axi_periph/s00_couplers/auto_pc/inst/gen_axilite.gen_b2s_conv.axilite_b2s/SI_REG/b.b_pipe/s_ready_i_reg_0                                     |                                                                                                                                       |                3 |             14 |         4.67 |
|  system_i/PS7/processing_system7_0/inst/FCLK_CLK0            | system_i/PS7/ps7_0_axi_periph/s00_couplers/auto_pc/inst/gen_axilite.gen_b2s_conv.axilite_b2s/WR.b_channel_0/bid_fifo_0/sel                                       |                                                                                                                                       |                3 |             16 |         5.33 |
|  system_i/PS7/processing_system7_0/inst/FCLK_CLK0            | system_i/PS7/ps7_0_axi_periph/s00_couplers/auto_pc/inst/gen_axilite.gen_b2s_conv.axilite_b2s/WR.aw_channel_0/aw_cmd_fsm_0/E[0]                                   |                                                                                                                                       |                7 |             20 |         2.86 |
|  system_i/PS7/processing_system7_0/inst/FCLK_CLK0            | system_i/PS7/ps7_0_axi_periph/s00_couplers/auto_pc/inst/gen_axilite.gen_b2s_conv.axilite_b2s/RD.ar_channel_0/ar_cmd_fsm_0/m_valid_i_reg[0]                       |                                                                                                                                       |                7 |             20 |         2.86 |
|  system_i/DataAcquisition/axis_red_pitaya_adc_0/inst/adc_clk |                                                                                                                                                                  | system_i/SignalGenerator/axis_red_pitaya_dac_0/inst/int_rst_reg_i_1_n_0                                                               |                9 |             28 |         3.11 |
|  system_i/PS7/processing_system7_0/inst/FCLK_CLK0            | system_i/PS7/ps7_0_axi_periph/s00_couplers/auto_pc/inst/gen_axilite.gen_b2s_conv.axilite_b2s/WR.b_channel_0/bid_fifo_0/E[0]                                      |                                                                                                                                       |                6 |             28 |         4.67 |
|  system_i/PS7/processing_system7_0/inst/FCLK_CLK0            | system_i/PS7/ps7_0_axi_periph/s00_couplers/auto_pc/inst/gen_axilite.gen_b2s_conv.axilite_b2s/RD.ar_channel_0/ar_cmd_fsm_0/m_valid_i_reg_1[0]                     |                                                                                                                                       |                5 |             28 |         5.60 |
|  system_i/PS7/processing_system7_0/inst/FCLK_CLK0            | system_i/PS7/ps7_0_axi_periph/s00_couplers/auto_pc/inst/gen_axilite.gen_b2s_conv.axilite_b2s/SI_REG/ar.ar_pipe/s_ready_i_reg_0                                   |                                                                                                                                       |                6 |             28 |         4.67 |
|  system_i/PS7/processing_system7_0/inst/FCLK_CLK0            | system_i/PS7/ps7_0_axi_periph/s00_couplers/auto_pc/inst/gen_axilite.gen_b2s_conv.axilite_b2s/SI_REG/aw.aw_pipe/s_ready_i_reg_0                                   |                                                                                                                                       |                7 |             28 |         4.00 |
|  system_i/PS7/processing_system7_0/inst/FCLK_CLK0            | system_i/PS7/ps7_0_axi_periph/s00_couplers/auto_pc/inst/gen_axilite.gen_b2s_conv.axilite_b2s/RD.r_channel_0/rd_data_fifo_0/wr_en0                                |                                                                                                                                       |                9 |             32 |         3.56 |
|  system_i/PS7/processing_system7_0/inst/FCLK_CLK0            | system_i/PS7/ps7_0_axi_periph/s00_couplers/auto_pc/inst/gen_axilite.gen_b2s_conv.axilite_b2s/RD.ar_channel_0/ar_cmd_fsm_0/m_axi_arvalid                          | system_i/PS7/axi_cfg_register_0/inst/p_4_in                                                                                           |               12 |             32 |         2.67 |
|  system_i/PS7/processing_system7_0/inst/FCLK_CLK0            | system_i/PS7/ps7_0_axi_periph/s00_couplers/auto_pc/inst/gen_axilite.gen_b2s_conv.axilite_b2s/SI_REG/r.r_pipe/p_1_in                                              |                                                                                                                                       |                9 |             45 |         5.00 |
|  system_i/PS7/processing_system7_0/inst/FCLK_CLK0            | system_i/PS7/ps7_0_axi_periph/s00_couplers/auto_pc/inst/gen_axilite.gen_b2s_conv.axilite_b2s/SI_REG/r.r_pipe/s_ready_i_reg_0                                     |                                                                                                                                       |               10 |             45 |         4.50 |
|  system_i/DataAcquisition/axis_red_pitaya_adc_0/inst/adc_clk | system_i/AWGN/addressSelector/LF_LFSR_1bit_0/inst/sel0[0]                                                                                                        | system_i/AWGN/addressSelector/LF_LFSR_1bit_0/inst/randomNumber_i_1_n_0                                                                |                8 |             57 |         7.12 |
|  system_i/DataAcquisition/axis_red_pitaya_adc_0/inst/adc_clk | system_i/AWGN/addressSelector_3/LF_LFSR_4bit_2/inst/state[0]                                                                                                     | system_i/AWGN/addressSelector_3/LF_LFSR_4bit_2/inst/randomNumber[0]_i_1_n_0                                                           |                8 |             58 |         7.25 |
|  system_i/DataAcquisition/axis_red_pitaya_adc_0/inst/adc_clk | system_i/AWGN/addressSelector_3/LF_LFSR_4bit_3/inst/state[0]                                                                                                     | system_i/AWGN/addressSelector_3/LF_LFSR_4bit_3/inst/randomNumber[0]_i_1_n_0                                                           |               10 |             59 |         5.90 |
|  system_i/DataAcquisition/axis_red_pitaya_adc_0/inst/adc_clk | system_i/AWGN/addressSelector_3/LF_LFSR_1bit_0/inst/sel0[0]                                                                                                      | system_i/AWGN/addressSelector_3/LF_LFSR_1bit_0/inst/randomNumber_i_1_n_0                                                              |               17 |             59 |         3.47 |
|  system_i/DataAcquisition/axis_red_pitaya_adc_0/inst/adc_clk | system_i/AWGN/addressSelector_2/LF_LFSR_4bit_2/inst/state[0]                                                                                                     | system_i/AWGN/addressSelector_2/LF_LFSR_4bit_2/inst/randomNumber[0]_i_1_n_0                                                           |               11 |             59 |         5.36 |
|  system_i/DataAcquisition/axis_red_pitaya_adc_0/inst/adc_clk | system_i/AWGN/addressSelector/LF_LFSR_4bit_1/inst/state[0]                                                                                                       | system_i/AWGN/addressSelector/LF_LFSR_4bit_1/inst/randomNumber[0]_i_1_n_0                                                             |               13 |             61 |         4.69 |
|  system_i/DataAcquisition/axis_red_pitaya_adc_0/inst/adc_clk | system_i/AWGN/addressSelector_2/LF_LFSR_4bit_1/inst/state[0]                                                                                                     | system_i/AWGN/addressSelector_2/LF_LFSR_4bit_1/inst/randomNumber[0]_i_1_n_0                                                           |               20 |             61 |         3.05 |
|  system_i/DataAcquisition/axis_red_pitaya_adc_0/inst/adc_clk | system_i/AWGN/addressSelector/LF_LFSR_8bit_0/inst/sel0[0]                                                                                                        | system_i/AWGN/addressSelector/LF_LFSR_8bit_0/inst/randomNumber[0]_i_1_n_0                                                             |               13 |             61 |         4.69 |
|  system_i/DataAcquisition/axis_red_pitaya_adc_0/inst/adc_clk | system_i/AWGN/addressSelector/LF_LFSR_4bit_3/inst/state[0]                                                                                                       | system_i/AWGN/addressSelector/LF_LFSR_4bit_3/inst/randomNumber[0]_i_1_n_0                                                             |                9 |             61 |         6.78 |
|  system_i/DataAcquisition/axis_red_pitaya_adc_0/inst/adc_clk | system_i/AWGN/addressSelector_2/LF_LFSR_4bit_3/inst/state[0]                                                                                                     | system_i/AWGN/addressSelector_2/LF_LFSR_4bit_3/inst/randomNumber[0]_i_1_n_0                                                           |               10 |             62 |         6.20 |
|  system_i/DataAcquisition/axis_red_pitaya_adc_0/inst/adc_clk | system_i/AWGN/addressSelector_1/LF_LFSR_4bit_3/inst/state[0]                                                                                                     | system_i/AWGN/addressSelector_1/LF_LFSR_4bit_3/inst/randomNumber[0]_i_1_n_0                                                           |               11 |             62 |         5.64 |
|  system_i/DataAcquisition/axis_red_pitaya_adc_0/inst/adc_clk | system_i/AWGN/addressSelector_2/LF_LFSR_4bit_0/inst/state[0]                                                                                                     | system_i/AWGN/addressSelector_2/LF_LFSR_4bit_0/inst/randomNumber[0]_i_1_n_0                                                           |                9 |             62 |         6.89 |
|  system_i/DataAcquisition/axis_red_pitaya_adc_0/inst/adc_clk | system_i/AWGN/addressSelector_1/LF_LFSR_4bit_0/inst/state[0]                                                                                                     | system_i/AWGN/addressSelector_1/LF_LFSR_4bit_0/inst/randomNumber[0]_i_1_n_0                                                           |               14 |             62 |         4.43 |
|  system_i/DataAcquisition/axis_red_pitaya_adc_0/inst/adc_clk | system_i/AWGN/addressSelector_3/LF_LFSR_4bit_0/inst/state[0]                                                                                                     | system_i/AWGN/addressSelector_3/LF_LFSR_4bit_0/inst/randomNumber[0]_i_1_n_0                                                           |               14 |             62 |         4.43 |
|  system_i/DataAcquisition/axis_red_pitaya_adc_0/inst/adc_clk | system_i/AWGN/addressSelector_3/LF_LFSR_4bit_1/inst/state[0]                                                                                                     | system_i/AWGN/addressSelector_3/LF_LFSR_4bit_1/inst/randomNumber[0]_i_1_n_0                                                           |               16 |             64 |         4.00 |
|  system_i/DataAcquisition/axis_red_pitaya_adc_0/inst/adc_clk | system_i/AWGN/addressSelector_1/LF_LFSR_1bit_0/inst/sel0[0]                                                                                                      | system_i/AWGN/addressSelector_1/LF_LFSR_1bit_0/inst/randomNumber_i_1_n_0                                                              |               13 |             65 |         5.00 |
|  system_i/DataAcquisition/axis_red_pitaya_adc_0/inst/adc_clk | system_i/AWGN/addressSelector_1/LF_LFSR_4bit_1/inst/state[0]                                                                                                     | system_i/AWGN/addressSelector_1/LF_LFSR_4bit_1/inst/randomNumber[0]_i_1_n_0                                                           |               12 |             65 |         5.42 |
|  system_i/DataAcquisition/axis_red_pitaya_adc_0/inst/adc_clk | system_i/AWGN/addressSelector_2/LF_LFSR_1bit_0/inst/sel0[0]                                                                                                      | system_i/AWGN/addressSelector_2/LF_LFSR_1bit_0/inst/randomNumber_i_1_n_0                                                              |               10 |             65 |         6.50 |
|  system_i/DataAcquisition/axis_red_pitaya_adc_0/inst/adc_clk | system_i/AWGN/addressSelector/LF_LFSR_4bit_2/inst/state[0]                                                                                                       | system_i/AWGN/addressSelector/LF_LFSR_4bit_2/inst/randomNumber[0]_i_1_n_0                                                             |               11 |             65 |         5.91 |
|  system_i/DataAcquisition/axis_red_pitaya_adc_0/inst/adc_clk | system_i/AWGN/addressSelector/LF_LFSR_4bit_0/inst/state[0]                                                                                                       | system_i/AWGN/addressSelector/LF_LFSR_4bit_0/inst/randomNumber[0]_i_1_n_0                                                             |               15 |             65 |         4.33 |
|  system_i/DataAcquisition/axis_red_pitaya_adc_0/inst/adc_clk | system_i/AWGN/addressSelector_1/LF_LFSR_4bit_2/inst/state[0]                                                                                                     | system_i/AWGN/addressSelector_1/LF_LFSR_4bit_2/inst/randomNumber[0]_i_1_n_0                                                           |               10 |             65 |         6.50 |
|  system_i/DataAcquisition/axis_red_pitaya_adc_0/inst/adc_clk | system_i/AWGN/addressSelector_1/LF_LFSR_8bit_0/inst/sel0[0]                                                                                                      | system_i/AWGN/addressSelector_1/LF_LFSR_8bit_0/inst/randomNumber[0]_i_1_n_0                                                           |               14 |             66 |         4.71 |
|  system_i/DataAcquisition/axis_red_pitaya_adc_0/inst/adc_clk | system_i/AWGN/addressSelector_3/LF_LFSR_8bit_0/inst/sel0[0]                                                                                                      | system_i/AWGN/addressSelector_3/LF_LFSR_8bit_0/inst/randomNumber[0]_i_1_n_0                                                           |               13 |             68 |         5.23 |
|  system_i/DataAcquisition/axis_red_pitaya_adc_0/inst/adc_clk | system_i/AWGN/addressSelector_2/LF_LFSR_8bit_0/inst/sel0[0]                                                                                                      | system_i/AWGN/addressSelector_2/LF_LFSR_8bit_0/inst/randomNumber[0]_i_1_n_0                                                           |               11 |             72 |         6.55 |
|  system_i/PS7/processing_system7_0/inst/FCLK_CLK0            |                                                                                                                                                                  |                                                                                                                                       |               33 |            112 |         3.39 |
|  system_i/DataAcquisition/axis_red_pitaya_adc_0/inst/adc_clk | system_i/AWGN/ROM_fValues_0/inst/state_reg_n_0_[0]                                                                                                               | system_i/AWGN/ROM_fValues_0/inst/readOut_0[29]_i_1_n_0                                                                                |               38 |            120 |         3.16 |
|  system_i/DataAcquisition/axis_red_pitaya_adc_0/inst/adc_clk | system_i/AWGN/ROM_gValues_0/inst/state_reg_n_0_[0]                                                                                                               | system_i/AWGN/ROM_gValues_0/inst/readOut_0[29]_i_1_n_0                                                                                |              118 |            120 |         1.02 |
|  system_i/DataAcquisition/axis_red_pitaya_adc_0/inst/adc_clk | system_i/biquadFilter/biquadFilter_0/inst/output1_sf                                                                                                             |                                                                                                                                       |               40 |            172 |         4.30 |
|  system_i/DataAcquisition/axis_red_pitaya_adc_0/inst/adc_clk | system_i/biquadFilter/biquadFilter_0/inst/y1_sf                                                                                                                  |                                                                                                                                       |               81 |            316 |         3.90 |
|  system_i/DataAcquisition/axis_red_pitaya_adc_0/inst/adc_clk |                                                                                                                                                                  |                                                                                                                                       |              169 |            531 |         3.14 |
+--------------------------------------------------------------+------------------------------------------------------------------------------------------------------------------------------------------------------------------+---------------------------------------------------------------------------------------------------------------------------------------+------------------+----------------+--------------+


